<?xml version="1.0" encoding="utf-8"?><testsuites name="pytest tests"><testsuite name="pytest" errors="0" failures="12" skipped="2" tests="37" time="42.100" timestamp="2025-06-27T09:36:00.927481+00:00" hostname="runnervmazg29"><testcase classname="dev.tests.e2e.test_basic_workflow.TestBasicWorkflow" name="test_cli_basic_conversion" time="0.827" /><testcase classname="dev.tests.e2e.test_basic_workflow.TestBasicWorkflow" name="test_cli_comprehensive_conversion" time="0.822"><failure message="AssertionError: Expected collapsible blocks&#10;assert 0 &gt; 0&#10; +  where 0 = &lt;built-in method get of dict object at 0x000002F43D3FCDC0&gt;('details_count', 0)&#10; +    where &lt;built-in method get of dict object at 0x000002F43D3FCDC0&gt; = {'box_block_count': 1, 'details_count': 0, 'has_h1': True, 'heading_count': 4, ...}.get">dev\tests\e2e\test_basic_workflow.py:58: in test_cli_comprehensive_conversion
    assert content_structure.get('details_count', 0) &gt; 0, "Expected collapsible blocks"
E   AssertionError: Expected collapsible blocks
E   assert 0 &gt; 0
E    +  where 0 = &lt;built-in method get of dict object at 0x000002F43D3FCDC0&gt;('details_count', 0)
E    +    where &lt;built-in method get of dict object at 0x000002F43D3FCDC0&gt; = {'box_block_count': 1, 'details_count': 0, 'has_h1': True, 'heading_count': 4, ...}.get</failure></testcase><testcase classname="dev.tests.e2e.test_basic_workflow.TestBasicWorkflow" name="test_windows_batch_conversion" time="0.040"><failure message="AssertionError: Batch file execution failed: &#10;assert 1 == 0&#10; +  where 1 = ExecutionResult(returncode=1, stdout=None, stderr='', execution_time=0.031247615814208984, output_files=[]).returncode">dev\tests\e2e\test_basic_workflow.py:84: in test_windows_batch_conversion
    assert result.returncode == 0, f"Batch file execution failed: {result.stderr}"
E   AssertionError: Batch file execution failed: 
E   assert 1 == 0
E    +  where 1 = ExecutionResult(returncode=1, stdout=None, stderr='', execution_time=0.031247615814208984, output_files=[]).returncode</failure></testcase><testcase classname="dev.tests.e2e.test_basic_workflow.TestBasicWorkflow" name="test_macos_command_conversion" time="0.000"><skipped type="pytest.skip" message="macOS command file test">D:\a\Kumihan-Formatter\Kumihan-Formatter\dev\tests\e2e\test_basic_workflow.py:93: macOS command file test</skipped></testcase><testcase classname="dev.tests.e2e.test_basic_workflow.TestBasicWorkflow" name="test_drag_and_drop_simulation" time="0.030"><failure message="AssertionError: D&amp;D simulation failed: &#10;assert 1 == 0&#10; +  where 1 = ExecutionResult(returncode=1, stdout=None, stderr='', execution_time=0.0311582088470459, output_files=[]).returncode">dev\tests\e2e\test_basic_workflow.py:144: in test_drag_and_drop_simulation
    assert result.returncode == 0, f"D&amp;D simulation failed: {result.stderr}"
E   AssertionError: D&amp;D simulation failed: 
E   assert 1 == 0
E    +  where 1 = ExecutionResult(returncode=1, stdout=None, stderr='', execution_time=0.0311582088470459, output_files=[]).returncode</failure></testcase><testcase classname="dev.tests.e2e.test_basic_workflow.TestBasicWorkflow" name="test_multiple_file_conversion" time="1.624" /><testcase classname="dev.tests.e2e.test_basic_workflow.TestBasicWorkflow" name="test_performance_baseline" time="0.814" /><testcase classname="dev.tests.e2e.test_basic_workflow.TestBasicWorkflow" name="test_concurrent_conversion" time="0.902" /><testcase classname="dev.tests.e2e.test_error_recovery.TestErrorRecovery" name="test_malformed_syntax_recovery" time="0.844"><failure message="AssertionError: Should contain error markers for malformed syntax&#10;assert '[ERROR:' in '&lt;!DOCTYPE html&gt;\n&lt;html lang=&quot;ja&quot;&gt;\n&lt;head&gt;\n    &lt;meta charset=&quot;UTF-8&quot;&gt;\n    &lt;meta name=&quot;viewport&quot; content=&quot;width=devic... class=&quot;box&quot;&gt;枠線ブロックの例&lt;/div&gt;\n        &lt;/main&gt;\n        \n        &lt;!-- 右サイドバー（注釈・補足情報） --&gt;\n    &lt;/div&gt;\n&lt;/body&gt;\n&lt;/html&gt;'">dev\tests\e2e\test_error_recovery.py:78: in test_malformed_syntax_recovery
    assert '[ERROR:' in html_content, "Should contain error markers for malformed syntax"
E   AssertionError: Should contain error markers for malformed syntax
E   assert '[ERROR:' in '&lt;!DOCTYPE html&gt;\n&lt;html lang="ja"&gt;\n&lt;head&gt;\n    &lt;meta charset="UTF-8"&gt;\n    &lt;meta name="viewport" content="width=devic... class="box"&gt;枠線ブロックの例&lt;/div&gt;\n        &lt;/main&gt;\n        \n        &lt;!-- 右サイドバー（注釈・補足情報） --&gt;\n    &lt;/div&gt;\n&lt;/body&gt;\n&lt;/html&gt;'</failure></testcase><testcase classname="dev.tests.e2e.test_error_recovery.TestErrorRecovery" name="test_file_access_error_recovery" time="0.813" /><testcase classname="dev.tests.e2e.test_error_recovery.TestErrorRecovery" name="test_output_directory_permission_error" time="0.810"><failure message="AssertionError: Should fail with readonly output directory&#10;assert 0 != 0&#10; +  where 0 = ExecutionResult(returncode=0, stdout=None, stderr='', execution_time=0.8124992847442627, output_files=[WindowsPath('C:/Users/RUNNER~1/AppData/Local/Temp/kumihan_e2e_8c3i4tk4/readonly_output/permission_test.html')]).returncode">dev\tests\e2e\test_error_recovery.py:138: in test_output_directory_permission_error
    assert result.returncode != 0, "Should fail with readonly output directory"
E   AssertionError: Should fail with readonly output directory
E   assert 0 != 0
E    +  where 0 = ExecutionResult(returncode=0, stdout=None, stderr='', execution_time=0.8124992847442627, output_files=[WindowsPath('C:/Users/RUNNER~1/AppData/Local/Temp/kumihan_e2e_8c3i4tk4/readonly_output/permission_test.html')]).returncode</failure></testcase><testcase classname="dev.tests.e2e.test_error_recovery.TestErrorRecovery" name="test_disk_space_error_handling" time="0.806" /><testcase classname="dev.tests.e2e.test_error_recovery.TestErrorRecovery" name="test_concurrent_access_conflict_recovery" time="1.064" /><testcase classname="dev.tests.e2e.test_error_recovery.TestErrorRecovery" name="test_invalid_input_graceful_degradation" time="1.013"><failure message="TypeError: can only concatenate str (not &quot;NoneType&quot;) to str">dev\tests\e2e\test_error_recovery.py:248: in test_invalid_input_graceful_degradation
    error_output = result.stderr + result.stdout
E   TypeError: can only concatenate str (not "NoneType") to str</failure></testcase><testcase classname="dev.tests.e2e.test_error_recovery.TestErrorRecovery" name="test_memory_pressure_handling" time="0.840" /><testcase classname="dev.tests.e2e.test_error_recovery.TestErrorRecovery" name="test_interrupted_execution_recovery" time="1.768" /><testcase classname="dev.tests.e2e.test_error_recovery.TestErrorRecovery" name="test_encoding_error_recovery" time="1.045"><failure message="TypeError: can only concatenate str (not &quot;NoneType&quot;) to str">dev\tests\e2e\test_error_recovery.py:348: in test_encoding_error_recovery
    error_output = result.stderr + result.stdout
E   TypeError: can only concatenate str (not "NoneType") to str</failure></testcase><testcase classname="dev.tests.e2e.test_error_recovery.TestErrorRecovery" name="test_cleanup_after_errors" time="1.639" /><testcase classname="dev.tests.e2e.test_error_recovery.TestErrorRecovery" name="test_partial_file_recovery" time="0.818"><failure message="AssertionError: Valid H1 should be converted&#10;assert '&lt;h1&gt;' in '&lt;!DOCTYPE html&gt;\n&lt;html lang=&quot;ja&quot;&gt;\n&lt;head&gt;\n    &lt;meta charset=&quot;UTF-8&quot;&gt;\n    &lt;meta name=&quot;viewport&quot; content=&quot;width=devic...スト&lt;/h1&gt;\n&lt;p&gt;正常なコンテンツです。&lt;/p&gt;\n        &lt;/main&gt;\n        \n        &lt;!-- 右サイドバー（注釈・補足情報） --&gt;\n    &lt;/div&gt;\n&lt;/body&gt;\n&lt;/html&gt;'">dev\tests\e2e\test_error_recovery.py:426: in test_partial_file_recovery
    assert '&lt;h1&gt;' in html_content, "Valid H1 should be converted"
E   AssertionError: Valid H1 should be converted
E   assert '&lt;h1&gt;' in '&lt;!DOCTYPE html&gt;\n&lt;html lang="ja"&gt;\n&lt;head&gt;\n    &lt;meta charset="UTF-8"&gt;\n    &lt;meta name="viewport" content="width=devic...スト&lt;/h1&gt;\n&lt;p&gt;正常なコンテンツです。&lt;/p&gt;\n        &lt;/main&gt;\n        \n        &lt;!-- 右サイドバー（注釈・補足情報） --&gt;\n    &lt;/div&gt;\n&lt;/body&gt;\n&lt;/html&gt;'</failure></testcase><testcase classname="dev.tests.e2e.test_file_operations.TestFileOperations" name="test_normal_file_conversion" time="0.809" /><testcase classname="dev.tests.e2e.test_file_operations.TestFileOperations" name="test_permission_variations" time="4.092" /><testcase classname="dev.tests.e2e.test_file_operations.TestFileOperations" name="test_invalid_file_handling" time="0.217"><failure message="TypeError: can only concatenate str (not &quot;NoneType&quot;) to str">dev\tests\e2e\test_file_operations.py:91: in test_invalid_file_handling
    error_output = result.stderr + result.stdout
E   TypeError: can only concatenate str (not "NoneType") to str</failure></testcase><testcase classname="dev.tests.e2e.test_file_operations.TestFileOperations" name="test_complex_directory_structure" time="2.450" /><testcase classname="dev.tests.e2e.test_file_operations.TestFileOperations" name="test_file_backup_and_restore" time="0.815" /><testcase classname="dev.tests.e2e.test_file_operations.TestFileOperations" name="test_concurrent_file_access" time="1.046" /><testcase classname="dev.tests.e2e.test_file_operations.TestFileOperations" name="test_file_path_edge_cases" time="3.248" /><testcase classname="dev.tests.e2e.test_file_operations.TestFileOperations" name="test_output_directory_scenarios" time="2.478"><failure message="AssertionError: Should fail with readonly output directory&#10;assert 0 != 0&#10; +  where 0 = ExecutionResult(returncode=0, stdout=None, stderr='', execution_time=0.8287465572357178, output_files=[WindowsPath('C:...html'), WindowsPath('C:/Users/RUNNER~1/AppData/Local/Temp/kumihan_e2e_8c3i4tk4/readonly_output/permission_test.html')]).returncode">dev\tests\e2e\test_file_operations.py:274: in test_output_directory_scenarios
    assert result3.returncode != 0, "Should fail with readonly output directory"
E   AssertionError: Should fail with readonly output directory
E   assert 0 != 0
E    +  where 0 = ExecutionResult(returncode=0, stdout=None, stderr='', execution_time=0.8287465572357178, output_files=[WindowsPath('C:...html'), WindowsPath('C:/Users/RUNNER~1/AppData/Local/Temp/kumihan_e2e_8c3i4tk4/readonly_output/permission_test.html')]).returncode</failure></testcase><testcase classname="dev.tests.e2e.test_file_operations.TestFileOperations" name="test_file_encoding_variations" time="1.619"><skipped type="pytest.skip" message="Encoding shift_jis not supported in this environment">D:\a\Kumihan-Formatter\Kumihan-Formatter\dev\tests\e2e\test_file_operations.py:327: Encoding shift_jis not supported in this environment</skipped></testcase><testcase classname="dev.tests.e2e.test_output_quality.TestOutputQuality" name="test_html5_compliance" time="0.808" /><testcase classname="dev.tests.e2e.test_output_quality.TestOutputQuality" name="test_css_embedding_quality" time="0.820" /><testcase classname="dev.tests.e2e.test_output_quality.TestOutputQuality" name="test_content_structure_integrity" time="0.810"><failure message="AssertionError: No headings found&#10;assert 0 &gt; 0">dev\tests\e2e\test_output_quality.py:95: in test_content_structure_integrity
    assert content_structure['heading_count'] &gt; 0, "No headings found"
E   AssertionError: No headings found
E   assert 0 &gt; 0</failure></testcase><testcase classname="dev.tests.e2e.test_output_quality.TestOutputQuality" name="test_syntax_error_detection" time="0.209" /><testcase classname="dev.tests.e2e.test_output_quality.TestOutputQuality" name="test_cross_platform_rendering_consistency" time="0.807" /><testcase classname="dev.tests.e2e.test_output_quality.TestOutputQuality" name="test_print_layout_verification" time="0.818" /><testcase classname="dev.tests.e2e.test_output_quality.TestOutputQuality" name="test_accessibility_compliance" time="0.812" /><testcase classname="dev.tests.e2e.test_output_quality.TestOutputQuality" name="test_output_file_sizes" time="2.483" /><testcase classname="dev.tests.e2e.test_output_quality.TestOutputQuality" name="test_character_encoding_preservation" time="0.874"><failure message="AssertionError: Character encoding issue: 'あいうえお' not found in output&#10;assert 'あいうえお' in '&lt;!DOCTYPE html&gt;\n&lt;html lang=&quot;ja&quot;&gt;\n&lt;head&gt;\n    &lt;meta charset=&quot;UTF-8&quot;&gt;\n    &lt;meta name=&quot;viewport&quot; content=&quot;width=devic...\n    &lt;/style&gt;\n&lt;/head&gt;\n&lt;body&gt;\n    &lt;div class=&quot;container&quot;&gt;\n        &lt;p&gt;隠しファイル風のテスト&lt;/p&gt;\n    &lt;/div&gt;\n&lt;/body&gt;\n&lt;/html&gt;'">dev\tests\e2e\test_output_quality.py:344: in test_character_encoding_preservation
    assert char_group in html_content, \
E   AssertionError: Character encoding issue: 'あいうえお' not found in output
E   assert 'あいうえお' in '&lt;!DOCTYPE html&gt;\n&lt;html lang="ja"&gt;\n&lt;head&gt;\n    &lt;meta charset="UTF-8"&gt;\n    &lt;meta name="viewport" content="width=devic...\n    &lt;/style&gt;\n&lt;/head&gt;\n&lt;body&gt;\n    &lt;div class="container"&gt;\n        &lt;p&gt;隠しファイル風のテスト&lt;/p&gt;\n    &lt;/div&gt;\n&lt;/body&gt;\n&lt;/html&gt;'</failure></testcase></testsuite></testsuites>