{"meta": {"format": 3, "version": "7.9.1", "timestamp": "2025-08-30T09:13:59.011896", "branch_coverage": false, "show_contexts": false}, "files": {"kumihan_formatter/__init__.py": {"executed_lines": [1, 6, 9, 11], "summary": {"covered_lines": 3, "num_statements": 3, "percent_covered": 100.0, "percent_covered_display": "100", "missing_lines": 0, "excluded_lines": 0}, "missing_lines": [], "excluded_lines": [], "functions": {"": {"executed_lines": [1, 6, 9, 11], "summary": {"covered_lines": 3, "num_statements": 3, "percent_covered": 100.0, "percent_covered_display": "100", "missing_lines": 0, "excluded_lines": 0}, "missing_lines": [], "excluded_lines": []}}, "classes": {"": {"executed_lines": [1, 6, 9, 11], "summary": {"covered_lines": 3, "num_statements": 3, "percent_covered": 100.0, "percent_covered_display": "100", "missing_lines": 0, "excluded_lines": 0}, "missing_lines": [], "excluded_lines": []}}}, "kumihan_formatter/__main__.py": {"executed_lines": [1, 3, 5], "summary": {"covered_lines": 2, "num_statements": 3, "percent_covered": 66.66666666666667, "percent_covered_display": "67", "missing_lines": 1, "excluded_lines": 0}, "missing_lines": [6], "excluded_lines": [], "functions": {"": {"executed_lines": [1, 3, 5], "summary": {"covered_lines": 2, "num_statements": 3, "percent_covered": 66.66666666666667, "percent_covered_display": "67", "missing_lines": 1, "excluded_lines": 0}, "missing_lines": [6], "excluded_lines": []}}, "classes": {"": {"executed_lines": [1, 3, 5], "summary": {"covered_lines": 2, "num_statements": 3, "percent_covered": 66.66666666666667, "percent_covered_display": "67", "missing_lines": 1, "excluded_lines": 0}, "missing_lines": [6], "excluded_lines": []}}}, "kumihan_formatter/commands/__init__.py": {"executed_lines": [1, 9], "summary": {"covered_lines": 1, "num_statements": 2, "percent_covered": 50.0, "percent_covered_display": "50", "missing_lines": 1, "excluded_lines": 0}, "missing_lines": [11], "excluded_lines": [], "functions": {"": {"executed_lines": [1, 9], "summary": {"covered_lines": 1, "num_statements": 2, "percent_covered": 50.0, "percent_covered_display": "50", "missing_lines": 1, "excluded_lines": 0}, "missing_lines": [11], "excluded_lines": []}}, "classes": {"": {"executed_lines": [1, 9], "summary": {"covered_lines": 1, "num_statements": 2, "percent_covered": 50.0, "percent_covered_display": "50", "missing_lines": 1, "excluded_lines": 0}, "missing_lines": [11], "excluded_lines": []}}}, "kumihan_formatter/commands/check_syntax.py": {"executed_lines": [], "summary": {"covered_lines": 0, "num_statements": 73, "percent_covered": 0.0, "percent_covered_display": "0", "missing_lines": 73, "excluded_lines": 0}, "missing_lines": [6, 7, 8, 10, 12, 13, 16, 19, 21, 23, 39, 41, 43, 44, 45, 47, 52, 55, 56, 58, 61, 62, 63, 70, 76, 77, 78, 79, 81, 83, 85, 86, 88, 89, 90, 92, 95, 96, 98, 99, 100, 105, 106, 107, 111, 113, 115, 117, 119, 120, 124, 125, 131, 138, 142, 143, 144, 146, 148, 150, 151, 152, 165, 168, 171, 172, 173, 174, 175, 182, 187, 188, 195], "excluded_lines": [], "functions": {"CheckSyntaxCommand.check": {"executed_lines": [], "summary": {"covered_lines": 0, "num_statements": 1, "percent_covered": 0.0, "percent_covered_display": "0", "missing_lines": 1, "excluded_lines": 0}, "missing_lines": [21], "excluded_lines": []}, "CheckSyntaxCommand.execute": {"executed_lines": [], "summary": {"covered_lines": 0, "num_statements": 18, "percent_covered": 0.0, "percent_covered_display": "0", "missing_lines": 18, "excluded_lines": 0}, "missing_lines": [39, 41, 43, 44, 45, 47, 52, 55, 56, 58, 61, 62, 63, 70, 76, 77, 78, 79], "excluded_lines": []}, "CheckSyntaxCommand._collect_files": {"executed_lines": [], "summary": {"covered_lines": 0, "num_statements": 17, "percent_covered": 0.0, "percent_covered_display": "0", "missing_lines": 17, "excluded_lines": 0}, "missing_lines": [83, 85, 86, 88, 89, 90, 92, 95, 96, 98, 99, 100, 105, 106, 107, 111, 113], "excluded_lines": []}, "CheckSyntaxCommand._output_text": {"executed_lines": [], "summary": {"covered_lines": 0, "num_statements": 10, "percent_covered": 0.0, "percent_covered_display": "0", "missing_lines": 10, "excluded_lines": 0}, "missing_lines": [117, 119, 120, 124, 125, 131, 138, 142, 143, 144], "excluded_lines": []}, "CheckSyntaxCommand._output_json": {"executed_lines": [], "summary": {"covered_lines": 0, "num_statements": 5, "percent_covered": 0.0, "percent_covered_display": "0", "missing_lines": 5, "excluded_lines": 0}, "missing_lines": [148, 150, 151, 152, 165], "excluded_lines": []}, "create_check_syntax_command": {"executed_lines": [], "summary": {"covered_lines": 0, "num_statements": 7, "percent_covered": 0.0, "percent_covered_display": "0", "missing_lines": 7, "excluded_lines": 0}, "missing_lines": [171, 172, 173, 174, 175, 182, 195], "excluded_lines": []}, "create_check_syntax_command.check_syntax": {"executed_lines": [], "summary": {"covered_lines": 0, "num_statements": 2, "percent_covered": 0.0, "percent_covered_display": "0", "missing_lines": 2, "excluded_lines": 0}, "missing_lines": [187, 188], "excluded_lines": []}, "": {"executed_lines": [], "summary": {"covered_lines": 0, "num_statements": 13, "percent_covered": 0.0, "percent_covered_display": "0", "missing_lines": 13, "excluded_lines": 0}, "missing_lines": [6, 7, 8, 10, 12, 13, 16, 19, 23, 81, 115, 146, 168], "excluded_lines": []}}, "classes": {"CheckSyntaxCommand": {"executed_lines": [], "summary": {"covered_lines": 0, "num_statements": 51, "percent_covered": 0.0, "percent_covered_display": "0", "missing_lines": 51, "excluded_lines": 0}, "missing_lines": [21, 39, 41, 43, 44, 45, 47, 52, 55, 56, 58, 61, 62, 63, 70, 76, 77, 78, 79, 83, 85, 86, 88, 89, 90, 92, 95, 96, 98, 99, 100, 105, 106, 107, 111, 113, 117, 119, 120, 124, 125, 131, 138, 142, 143, 144, 148, 150, 151, 152, 165], "excluded_lines": []}, "": {"executed_lines": [], "summary": {"covered_lines": 0, "num_statements": 22, "percent_covered": 0.0, "percent_covered_display": "0", "missing_lines": 22, "excluded_lines": 0}, "missing_lines": [6, 7, 8, 10, 12, 13, 16, 19, 23, 81, 115, 146, 168, 171, 172, 173, 174, 175, 182, 187, 188, 195], "excluded_lines": []}}}, "kumihan_formatter/commands/convert_watcher.py": {"executed_lines": [], "summary": {"covered_lines": 0, "num_statements": 48, "percent_covered": 0.0, "percent_covered_display": "0", "missing_lines": 48, "excluded_lines": 0}, "missing_lines": [8, 9, 10, 11, 13, 16, 22, 28, 29, 31, 42, 43, 44, 45, 46, 47, 49, 50, 53, 64, 65, 66, 68, 69, 70, 71, 72, 73, 74, 76, 87, 90, 102, 103, 104, 105, 106, 107, 109, 110, 111, 114, 115, 117, 118, 119, 120, 122], "excluded_lines": [], "functions": {"ConvertWatcher.__init__": {"executed_lines": [], "summary": {"covered_lines": 0, "num_statements": 2, "percent_covered": 0.0, "percent_covered_display": "0", "missing_lines": 2, "excluded_lines": 0}, "missing_lines": [28, 29], "excluded_lines": []}, "ConvertWatcher.start_watch_mode": {"executed_lines": [], "summary": {"covered_lines": 0, "num_statements": 19, "percent_covered": 0.0, "percent_covered_display": "0", "missing_lines": 19, "excluded_lines": 0}, "missing_lines": [42, 43, 44, 45, 46, 47, 49, 50, 53, 64, 65, 66, 68, 69, 70, 71, 72, 73, 74], "excluded_lines": []}, "ConvertWatcher._create_file_handler": {"executed_lines": [], "summary": {"covered_lines": 0, "num_statements": 6, "percent_covered": 0.0, "percent_covered_display": "0", "missing_lines": 6, "excluded_lines": 0}, "missing_lines": [87, 90, 102, 103, 109, 122], "excluded_lines": []}, "ConvertWatcher._create_file_handler.SimpleEventHandler.__init__": {"executed_lines": [], "summary": {"covered_lines": 0, "num_statements": 4, "percent_covered": 0.0, "percent_covered_display": "0", "missing_lines": 4, "excluded_lines": 0}, "missing_lines": [104, 105, 106, 107], "excluded_lines": []}, "ConvertWatcher._create_file_handler.SimpleEventHandler.on_modified": {"executed_lines": [], "summary": {"covered_lines": 0, "num_statements": 8, "percent_covered": 0.0, "percent_covered_display": "0", "missing_lines": 8, "excluded_lines": 0}, "missing_lines": [110, 111, 114, 115, 117, 118, 119, 120], "excluded_lines": []}, "": {"executed_lines": [], "summary": {"covered_lines": 0, "num_statements": 9, "percent_covered": 0.0, "percent_covered_display": "0", "missing_lines": 9, "excluded_lines": 0}, "missing_lines": [8, 9, 10, 11, 13, 16, 22, 31, 76], "excluded_lines": []}}, "classes": {"ConvertWatcher": {"executed_lines": [], "summary": {"covered_lines": 0, "num_statements": 27, "percent_covered": 0.0, "percent_covered_display": "0", "missing_lines": 27, "excluded_lines": 0}, "missing_lines": [28, 29, 42, 43, 44, 45, 46, 47, 49, 50, 53, 64, 65, 66, 68, 69, 70, 71, 72, 73, 74, 87, 90, 102, 103, 109, 122], "excluded_lines": []}, "ConvertWatcher._create_file_handler.SimpleEventHandler": {"executed_lines": [], "summary": {"covered_lines": 0, "num_statements": 12, "percent_covered": 0.0, "percent_covered_display": "0", "missing_lines": 12, "excluded_lines": 0}, "missing_lines": [104, 105, 106, 107, 110, 111, 114, 115, 117, 118, 119, 120], "excluded_lines": []}, "": {"executed_lines": [], "summary": {"covered_lines": 0, "num_statements": 9, "percent_covered": 0.0, "percent_covered_display": "0", "missing_lines": 9, "excluded_lines": 0}, "missing_lines": [8, 9, 10, 11, 13, 16, 22, 31, 76], "excluded_lines": []}}}, "kumihan_formatter/commands/sample.py": {"executed_lines": [], "summary": {"covered_lines": 0, "num_statements": 2, "percent_covered": 0.0, "percent_covered_display": "0", "missing_lines": 2, "excluded_lines": 0}, "missing_lines": [6, 9], "excluded_lines": [], "functions": {"": {"executed_lines": [], "summary": {"covered_lines": 0, "num_statements": 2, "percent_covered": 0.0, "percent_covered_display": "0", "missing_lines": 2, "excluded_lines": 0}, "missing_lines": [6, 9], "excluded_lines": []}}, "classes": {"": {"executed_lines": [], "summary": {"covered_lines": 0, "num_statements": 2, "percent_covered": 0.0, "percent_covered_display": "0", "missing_lines": 2, "excluded_lines": 0}, "missing_lines": [6, 9], "excluded_lines": []}}}, "kumihan_formatter/commands/sample_command.py": {"executed_lines": [1, 6, 7, 9, 10, 13, 14], "summary": {"covered_lines": 6, "num_statements": 63, "percent_covered": 9.523809523809524, "percent_covered_display": "10", "missing_lines": 57, "excluded_lines": 0}, "missing_lines": [15, 16, 17, 18, 21, 24, 26, 27, 29, 31, 44, 46, 49, 50, 52, 55, 58, 59, 62, 63, 65, 66, 67, 69, 70, 75, 78, 79, 82, 89, 91, 93, 94, 96, 97, 98, 101, 102, 103, 111, 112, 113, 115, 116, 117, 125, 127, 130, 133, 134, 137, 142, 145, 149, 151, 152, 154], "excluded_lines": [], "functions": {"SampleCommand.__init__": {"executed_lines": [], "summary": {"covered_lines": 0, "num_statements": 3, "percent_covered": 0.0, "percent_covered_display": "0", "missing_lines": 3, "excluded_lines": 0}, "missing_lines": [26, 27, 29], "excluded_lines": []}, "SampleCommand.execute": {"executed_lines": [], "summary": {"covered_lines": 0, "num_statements": 20, "percent_covered": 0.0, "percent_covered_display": "0", "missing_lines": 20, "excluded_lines": 0}, "missing_lines": [44, 46, 49, 50, 52, 55, 58, 59, 62, 63, 65, 66, 67, 69, 70, 75, 78, 79, 82, 89], "excluded_lines": []}, "SampleCommand._generate_html": {"executed_lines": [], "summary": {"covered_lines": 0, "num_statements": 16, "percent_covered": 0.0, "percent_covered_display": "0", "missing_lines": 16, "excluded_lines": 0}, "missing_lines": [93, 94, 96, 97, 98, 101, 102, 103, 111, 112, 113, 115, 116, 117, 125, 127], "excluded_lines": []}, "create_sample_command": {"executed_lines": [], "summary": {"covered_lines": 0, "num_statements": 6, "percent_covered": 0.0, "percent_covered_display": "0", "missing_lines": 6, "excluded_lines": 0}, "missing_lines": [133, 134, 137, 142, 145, 154], "excluded_lines": []}, "create_sample_command.generate_sample": {"executed_lines": [], "summary": {"covered_lines": 0, "num_statements": 3, "percent_covered": 0.0, "percent_covered_display": "0", "missing_lines": 3, "excluded_lines": 0}, "missing_lines": [149, 151, 152], "excluded_lines": []}, "": {"executed_lines": [1, 6, 7, 9, 10, 13, 14], "summary": {"covered_lines": 6, "num_statements": 15, "percent_covered": 40.0, "percent_covered_display": "40", "missing_lines": 9, "excluded_lines": 0}, "missing_lines": [15, 16, 17, 18, 21, 24, 31, 91, 130], "excluded_lines": []}}, "classes": {"SampleCommand": {"executed_lines": [], "summary": {"covered_lines": 0, "num_statements": 39, "percent_covered": 0.0, "percent_covered_display": "0", "missing_lines": 39, "excluded_lines": 0}, "missing_lines": [26, 27, 29, 44, 46, 49, 50, 52, 55, 58, 59, 62, 63, 65, 66, 67, 69, 70, 75, 78, 79, 82, 89, 93, 94, 96, 97, 98, 101, 102, 103, 111, 112, 113, 115, 116, 117, 125, 127], "excluded_lines": []}, "": {"executed_lines": [1, 6, 7, 9, 10, 13, 14], "summary": {"covered_lines": 6, "num_statements": 24, "percent_covered": 25.0, "percent_covered_display": "25", "missing_lines": 18, "excluded_lines": 0}, "missing_lines": [15, 16, 17, 18, 21, 24, 31, 91, 130, 133, 134, 137, 142, 145, 149, 151, 152, 154], "excluded_lines": []}}}, "kumihan_formatter/core/__init__.py": {"executed_lines": [1, 9, 10, 11, 12, 13, 14, 15, 16, 17, 18, 19, 20, 21, 22, 25], "summary": {"covered_lines": 15, "num_statements": 15, "percent_covered": 100.0, "percent_covered_display": "100", "missing_lines": 0, "excluded_lines": 0}, "missing_lines": [], "excluded_lines": [], "functions": {"": {"executed_lines": [1, 9, 10, 11, 12, 13, 14, 15, 16, 17, 18, 19, 20, 21, 22, 25], "summary": {"covered_lines": 15, "num_statements": 15, "percent_covered": 100.0, "percent_covered_display": "100", "missing_lines": 0, "excluded_lines": 0}, "missing_lines": [], "excluded_lines": []}}, "classes": {"": {"executed_lines": [1, 9, 10, 11, 12, 13, 14, 15, 16, 17, 18, 19, 20, 21, 22, 25], "summary": {"covered_lines": 15, "num_statements": 15, "percent_covered": 100.0, "percent_covered_display": "100", "missing_lines": 0, "excluded_lines": 0}, "missing_lines": [], "excluded_lines": []}}}, "kumihan_formatter/core/ast_nodes/__init__.py": {"executed_lines": [1, 11, 28, 29, 39], "summary": {"covered_lines": 4, "num_statements": 4, "percent_covered": 100.0, "percent_covered_display": "100", "missing_lines": 0, "excluded_lines": 0}, "missing_lines": [], "excluded_lines": [], "functions": {"": {"executed_lines": [1, 11, 28, 29, 39], "summary": {"covered_lines": 4, "num_statements": 4, "percent_covered": 100.0, "percent_covered_display": "100", "missing_lines": 0, "excluded_lines": 0}, "missing_lines": [], "excluded_lines": []}}, "classes": {"": {"executed_lines": [1, 11, 28, 29, 39], "summary": {"covered_lines": 4, "num_statements": 4, "percent_covered": 100.0, "percent_covered_display": "100", "missing_lines": 0, "excluded_lines": 0}, "missing_lines": [], "excluded_lines": []}}}, "kumihan_formatter/core/ast_nodes/factories.py": {"executed_lines": [1, 7, 9, 10, 13, 15, 18, 19, 20, 21, 22, 25, 28, 31, 42, 53, 58, 63, 68, 76, 81, 86, 91, 96, 104, 112], "summary": {"covered_lines": 25, "num_statements": 56, "percent_covered": 44.642857142857146, "percent_covered_display": "45", "missing_lines": 31, "excluded_lines": 0}, "missing_lines": [26, 35, 36, 37, 38, 39, 46, 47, 48, 49, 50, 55, 60, 65, 70, 71, 72, 73, 78, 83, 88, 93, 98, 99, 100, 101, 106, 107, 108, 109, 122], "excluded_lines": [], "functions": {"create_node": {"executed_lines": [15, 18, 19, 20, 21, 22, 25, 28], "summary": {"covered_lines": 8, "num_statements": 9, "percent_covered": 88.88888888888889, "percent_covered_display": "89", "missing_lines": 1, "excluded_lines": 0}, "missing_lines": [26], "excluded_lines": []}, "paragraph": {"executed_lines": [], "summary": {"covered_lines": 0, "num_statements": 5, "percent_covered": 0.0, "percent_covered_display": "0", "missing_lines": 5, "excluded_lines": 0}, "missing_lines": [35, 36, 37, 38, 39], "excluded_lines": []}, "heading": {"executed_lines": [], "summary": {"covered_lines": 0, "num_statements": 5, "percent_covered": 0.0, "percent_covered_display": "0", "missing_lines": 5, "excluded_lines": 0}, "missing_lines": [46, 47, 48, 49, 50], "excluded_lines": []}, "strong": {"executed_lines": [], "summary": {"covered_lines": 0, "num_statements": 1, "percent_covered": 0.0, "percent_covered_display": "0", "missing_lines": 1, "excluded_lines": 0}, "missing_lines": [55], "excluded_lines": []}, "emphasis": {"executed_lines": [], "summary": {"covered_lines": 0, "num_statements": 1, "percent_covered": 0.0, "percent_covered_display": "0", "missing_lines": 1, "excluded_lines": 0}, "missing_lines": [60], "excluded_lines": []}, "div_box": {"executed_lines": [], "summary": {"covered_lines": 0, "num_statements": 1, "percent_covered": 0.0, "percent_covered_display": "0", "missing_lines": 1, "excluded_lines": 0}, "missing_lines": [65], "excluded_lines": []}, "highlight": {"executed_lines": [], "summary": {"covered_lines": 0, "num_statements": 4, "percent_covered": 0.0, "percent_covered_display": "0", "missing_lines": 4, "excluded_lines": 0}, "missing_lines": [70, 71, 72, 73], "excluded_lines": []}, "unordered_list": {"executed_lines": [], "summary": {"covered_lines": 0, "num_statements": 1, "percent_covered": 0.0, "percent_covered_display": "0", "missing_lines": 1, "excluded_lines": 0}, "missing_lines": [78], "excluded_lines": []}, "ordered_list": {"executed_lines": [], "summary": {"covered_lines": 0, "num_statements": 1, "percent_covered": 0.0, "percent_covered_display": "0", "missing_lines": 1, "excluded_lines": 0}, "missing_lines": [83], "excluded_lines": []}, "list_item": {"executed_lines": [], "summary": {"covered_lines": 0, "num_statements": 1, "percent_covered": 0.0, "percent_covered_display": "0", "missing_lines": 1, "excluded_lines": 0}, "missing_lines": [88], "excluded_lines": []}, "details": {"executed_lines": [], "summary": {"covered_lines": 0, "num_statements": 1, "percent_covered": 0.0, "percent_covered_display": "0", "missing_lines": 1, "excluded_lines": 0}, "missing_lines": [93], "excluded_lines": []}, "error_node": {"executed_lines": [], "summary": {"covered_lines": 0, "num_statements": 4, "percent_covered": 0.0, "percent_covered_display": "0", "missing_lines": 4, "excluded_lines": 0}, "missing_lines": [98, 99, 100, 101], "excluded_lines": []}, "image_node": {"executed_lines": [], "summary": {"covered_lines": 0, "num_statements": 4, "percent_covered": 0.0, "percent_covered_display": "0", "missing_lines": 4, "excluded_lines": 0}, "missing_lines": [106, 107, 108, 109], "excluded_lines": []}, "toc_marker": {"executed_lines": [], "summary": {"covered_lines": 0, "num_statements": 1, "percent_covered": 0.0, "percent_covered_display": "0", "missing_lines": 1, "excluded_lines": 0}, "missing_lines": [122], "excluded_lines": []}, "": {"executed_lines": [1, 7, 9, 10, 13, 31, 42, 53, 58, 63, 68, 76, 81, 86, 91, 96, 104, 112], "summary": {"covered_lines": 17, "num_statements": 17, "percent_covered": 100.0, "percent_covered_display": "100", "missing_lines": 0, "excluded_lines": 0}, "missing_lines": [], "excluded_lines": []}}, "classes": {"": {"executed_lines": [1, 7, 9, 10, 13, 15, 18, 19, 20, 21, 22, 25, 28, 31, 42, 53, 58, 63, 68, 76, 81, 86, 91, 96, 104, 112], "summary": {"covered_lines": 25, "num_statements": 56, "percent_covered": 44.642857142857146, "percent_covered_display": "45", "missing_lines": 31, "excluded_lines": 0}, "missing_lines": [26, 35, 36, 37, 38, 39, 46, 47, 48, 49, 50, 55, 60, 65, 70, 71, 72, 73, 78, 83, 88, 93, 98, 99, 100, 101, 106, 107, 108, 109, 122], "excluded_lines": []}}}, "kumihan_formatter/core/ast_nodes/node.py": {"executed_lines": [1, 7, 8, 11, 12, 13, 33, 34, 35, 36, 38, 39, 41, 42, 44, 50, 51, 57, 58, 62, 68, 74, 79, 85, 90, 109, 114, 118, 122, 134, 148, 162, 168, 178, 186, 198, 205], "summary": {"covered_lines": 35, "num_statements": 110, "percent_covered": 31.818181818181817, "percent_covered_display": "32", "missing_lines": 75, "excluded_lines": 0}, "missing_lines": [40, 46, 47, 48, 53, 54, 55, 60, 64, 65, 66, 70, 71, 72, 76, 77, 81, 82, 83, 87, 88, 92, 107, 111, 112, 116, 120, 124, 125, 126, 128, 129, 130, 131, 132, 136, 137, 138, 139, 146, 150, 151, 152, 153, 154, 155, 156, 157, 158, 159, 160, 164, 165, 166, 170, 171, 172, 180, 181, 182, 183, 184, 188, 189, 192, 193, 196, 200, 201, 202, 203, 207, 208, 209, 210], "excluded_lines": [], "functions": {"Node.__post_init__": {"executed_lines": [39, 41, 42], "summary": {"covered_lines": 3, "num_statements": 4, "percent_covered": 75.0, "percent_covered_display": "75", "missing_lines": 1, "excluded_lines": 0}, "missing_lines": [40], "excluded_lines": []}, "Node.add_attribute": {"executed_lines": [], "summary": {"covered_lines": 0, "num_statements": 3, "percent_covered": 0.0, "percent_covered_display": "0", "missing_lines": 3, "excluded_lines": 0}, "missing_lines": [46, 47, 48], "excluded_lines": []}, "Node.metadata": {"executed_lines": [], "summary": {"covered_lines": 0, "num_statements": 3, "percent_covered": 0.0, "percent_covered_display": "0", "missing_lines": 3, "excluded_lines": 0}, "missing_lines": [53, 54, 55], "excluded_lines": []}, "Node.node_type": {"executed_lines": [], "summary": {"covered_lines": 0, "num_statements": 1, "percent_covered": 0.0, "percent_covered_display": "0", "missing_lines": 1, "excluded_lines": 0}, "missing_lines": [60], "excluded_lines": []}, "Node.get_attribute": {"executed_lines": [], "summary": {"covered_lines": 0, "num_statements": 3, "percent_covered": 0.0, "percent_covered_display": "0", "missing_lines": 3, "excluded_lines": 0}, "missing_lines": [64, 65, 66], "excluded_lines": []}, "Node.has_attribute": {"executed_lines": [], "summary": {"covered_lines": 0, "num_statements": 3, "percent_covered": 0.0, "percent_covered_display": "0", "missing_lines": 3, "excluded_lines": 0}, "missing_lines": [70, 71, 72], "excluded_lines": []}, "Node.remove_attribute": {"executed_lines": [], "summary": {"covered_lines": 0, "num_statements": 2, "percent_covered": 0.0, "percent_covered_display": "0", "missing_lines": 2, "excluded_lines": 0}, "missing_lines": [76, 77], "excluded_lines": []}, "Node.add_child": {"executed_lines": [], "summary": {"covered_lines": 0, "num_statements": 3, "percent_covered": 0.0, "percent_covered_display": "0", "missing_lines": 3, "excluded_lines": 0}, "missing_lines": [81, 82, 83], "excluded_lines": []}, "Node.remove_child": {"executed_lines": [], "summary": {"covered_lines": 0, "num_statements": 2, "percent_covered": 0.0, "percent_covered_display": "0", "missing_lines": 2, "excluded_lines": 0}, "missing_lines": [87, 88], "excluded_lines": []}, "Node.is_block_element": {"executed_lines": [], "summary": {"covered_lines": 0, "num_statements": 2, "percent_covered": 0.0, "percent_covered_display": "0", "missing_lines": 2, "excluded_lines": 0}, "missing_lines": [92, 107], "excluded_lines": []}, "Node.is_inline_element": {"executed_lines": [], "summary": {"covered_lines": 0, "num_statements": 2, "percent_covered": 0.0, "percent_covered_display": "0", "missing_lines": 2, "excluded_lines": 0}, "missing_lines": [111, 112], "excluded_lines": []}, "Node.is_list_element": {"executed_lines": [], "summary": {"covered_lines": 0, "num_statements": 1, "percent_covered": 0.0, "percent_covered_display": "0", "missing_lines": 1, "excluded_lines": 0}, "missing_lines": [116], "excluded_lines": []}, "Node.is_heading": {"executed_lines": [], "summary": {"covered_lines": 0, "num_statements": 1, "percent_covered": 0.0, "percent_covered_display": "0", "missing_lines": 1, "excluded_lines": 0}, "missing_lines": [120], "excluded_lines": []}, "Node.get_heading_level": {"executed_lines": [], "summary": {"covered_lines": 0, "num_statements": 8, "percent_covered": 0.0, "percent_covered_display": "0", "missing_lines": 8, "excluded_lines": 0}, "missing_lines": [124, 125, 126, 128, 129, 130, 131, 132], "excluded_lines": []}, "Node.contains_text": {"executed_lines": [], "summary": {"covered_lines": 0, "num_statements": 5, "percent_covered": 0.0, "percent_covered_display": "0", "missing_lines": 5, "excluded_lines": 0}, "missing_lines": [136, 137, 138, 139, 146], "excluded_lines": []}, "Node.get_text_content": {"executed_lines": [], "summary": {"covered_lines": 0, "num_statements": 11, "percent_covered": 0.0, "percent_covered_display": "0", "missing_lines": 11, "excluded_lines": 0}, "missing_lines": [150, 151, 152, 153, 154, 155, 156, 157, 158, 159, 160], "excluded_lines": []}, "Node.count_children": {"executed_lines": [], "summary": {"covered_lines": 0, "num_statements": 3, "percent_covered": 0.0, "percent_covered_display": "0", "missing_lines": 3, "excluded_lines": 0}, "missing_lines": [164, 165, 166], "excluded_lines": []}, "Node.find_children_by_type": {"executed_lines": [], "summary": {"covered_lines": 0, "num_statements": 3, "percent_covered": 0.0, "percent_covered_display": "0", "missing_lines": 3, "excluded_lines": 0}, "missing_lines": [170, 171, 172], "excluded_lines": []}, "Node.walk": {"executed_lines": [], "summary": {"covered_lines": 0, "num_statements": 5, "percent_covered": 0.0, "percent_covered_display": "0", "missing_lines": 5, "excluded_lines": 0}, "missing_lines": [180, 181, 182, 183, 184], "excluded_lines": []}, "Node.add_error": {"executed_lines": [], "summary": {"covered_lines": 0, "num_statements": 5, "percent_covered": 0.0, "percent_covered_display": "0", "missing_lines": 5, "excluded_lines": 0}, "missing_lines": [188, 189, 192, 193, 196], "excluded_lines": []}, "Node.has_errors": {"executed_lines": [], "summary": {"covered_lines": 0, "num_statements": 4, "percent_covered": 0.0, "percent_covered_display": "0", "missing_lines": 4, "excluded_lines": 0}, "missing_lines": [200, 201, 202, 203], "excluded_lines": []}, "Node.get_errors": {"executed_lines": [], "summary": {"covered_lines": 0, "num_statements": 4, "percent_covered": 0.0, "percent_covered_display": "0", "missing_lines": 4, "excluded_lines": 0}, "missing_lines": [207, 208, 209, 210], "excluded_lines": []}, "": {"executed_lines": [1, 7, 8, 11, 12, 13, 33, 34, 35, 36, 38, 44, 50, 51, 57, 58, 62, 68, 74, 79, 85, 90, 109, 114, 118, 122, 134, 148, 162, 168, 178, 186, 198, 205], "summary": {"covered_lines": 32, "num_statements": 32, "percent_covered": 100.0, "percent_covered_display": "100", "missing_lines": 0, "excluded_lines": 0}, "missing_lines": [], "excluded_lines": []}}, "classes": {"Node": {"executed_lines": [39, 41, 42], "summary": {"covered_lines": 3, "num_statements": 78, "percent_covered": 3.8461538461538463, "percent_covered_display": "4", "missing_lines": 75, "excluded_lines": 0}, "missing_lines": [40, 46, 47, 48, 53, 54, 55, 60, 64, 65, 66, 70, 71, 72, 76, 77, 81, 82, 83, 87, 88, 92, 107, 111, 112, 116, 120, 124, 125, 126, 128, 129, 130, 131, 132, 136, 137, 138, 139, 146, 150, 151, 152, 153, 154, 155, 156, 157, 158, 159, 160, 164, 165, 166, 170, 171, 172, 180, 181, 182, 183, 184, 188, 189, 192, 193, 196, 200, 201, 202, 203, 207, 208, 209, 210], "excluded_lines": []}, "": {"executed_lines": [1, 7, 8, 11, 12, 13, 33, 34, 35, 36, 38, 44, 50, 51, 57, 58, 62, 68, 74, 79, 85, 90, 109, 114, 118, 122, 134, 148, 162, 168, 178, 186, 198, 205], "summary": {"covered_lines": 32, "num_statements": 32, "percent_covered": 100.0, "percent_covered_display": "100", "missing_lines": 0, "excluded_lines": 0}, "missing_lines": [], "excluded_lines": []}}}, "kumihan_formatter/core/ast_nodes/node_builder.py": {"executed_lines": [1, 7, 9, 12, 13, 32, 33, 34, 35, 37, 39, 40, 42, 44, 45, 47, 51, 55, 59, 61], "summary": {"covered_lines": 18, "num_statements": 21, "percent_covered": 85.71428571428571, "percent_covered_display": "86", "missing_lines": 3, "excluded_lines": 0}, "missing_lines": [49, 53, 57], "excluded_lines": [], "functions": {"NodeBuilder.__init__": {"executed_lines": [33, 34, 35], "summary": {"covered_lines": 3, "num_statements": 3, "percent_covered": 100.0, "percent_covered_display": "100", "missing_lines": 0, "excluded_lines": 0}, "missing_lines": [], "excluded_lines": []}, "NodeBuilder.content": {"executed_lines": [39, 40], "summary": {"covered_lines": 2, "num_statements": 2, "percent_covered": 100.0, "percent_covered_display": "100", "missing_lines": 0, "excluded_lines": 0}, "missing_lines": [], "excluded_lines": []}, "NodeBuilder.attribute": {"executed_lines": [44, 45], "summary": {"covered_lines": 2, "num_statements": 2, "percent_covered": 100.0, "percent_covered_display": "100", "missing_lines": 0, "excluded_lines": 0}, "missing_lines": [], "excluded_lines": []}, "NodeBuilder.css_class": {"executed_lines": [], "summary": {"covered_lines": 0, "num_statements": 1, "percent_covered": 0.0, "percent_covered_display": "0", "missing_lines": 1, "excluded_lines": 0}, "missing_lines": [49], "excluded_lines": []}, "NodeBuilder.id": {"executed_lines": [], "summary": {"covered_lines": 0, "num_statements": 1, "percent_covered": 0.0, "percent_covered_display": "0", "missing_lines": 1, "excluded_lines": 0}, "missing_lines": [53], "excluded_lines": []}, "NodeBuilder.style": {"executed_lines": [], "summary": {"covered_lines": 0, "num_statements": 1, "percent_covered": 0.0, "percent_covered_display": "0", "missing_lines": 1, "excluded_lines": 0}, "missing_lines": [57], "excluded_lines": []}, "NodeBuilder.build": {"executed_lines": [61], "summary": {"covered_lines": 1, "num_statements": 1, "percent_covered": 100.0, "percent_covered_display": "100", "missing_lines": 0, "excluded_lines": 0}, "missing_lines": [], "excluded_lines": []}, "": {"executed_lines": [1, 7, 9, 12, 13, 32, 37, 42, 47, 51, 55, 59], "summary": {"covered_lines": 10, "num_statements": 10, "percent_covered": 100.0, "percent_covered_display": "100", "missing_lines": 0, "excluded_lines": 0}, "missing_lines": [], "excluded_lines": []}}, "classes": {"NodeBuilder": {"executed_lines": [33, 34, 35, 39, 40, 44, 45, 61], "summary": {"covered_lines": 8, "num_statements": 11, "percent_covered": 72.72727272727273, "percent_covered_display": "73", "missing_lines": 3, "excluded_lines": 0}, "missing_lines": [49, 53, 57], "excluded_lines": []}, "": {"executed_lines": [1, 7, 9, 12, 13, 32, 37, 42, 47, 51, 55, 59], "summary": {"covered_lines": 10, "num_statements": 10, "percent_covered": 100.0, "percent_covered_display": "100", "missing_lines": 0, "excluded_lines": 0}, "missing_lines": [], "excluded_lines": []}}}, "kumihan_formatter/core/ast_nodes/utilities.py": {"executed_lines": [1, 7, 9, 12, 35, 44, 57], "summary": {"covered_lines": 6, "num_statements": 49, "percent_covered": 12.244897959183673, "percent_covered_display": "12", "missing_lines": 43, "excluded_lines": 0}, "missing_lines": [14, 15, 17, 18, 20, 21, 22, 24, 25, 26, 27, 29, 30, 32, 37, 38, 39, 40, 41, 46, 47, 48, 49, 50, 52, 53, 54, 59, 61, 62, 63, 64, 66, 67, 68, 70, 71, 72, 75, 76, 77, 78, 80], "excluded_lines": [], "functions": {"flatten_text_nodes": {"executed_lines": [], "summary": {"covered_lines": 0, "num_statements": 14, "percent_covered": 0.0, "percent_covered_display": "0", "missing_lines": 14, "excluded_lines": 0}, "missing_lines": [14, 15, 17, 18, 20, 21, 22, 24, 25, 26, 27, 29, 30, 32], "excluded_lines": []}, "count_nodes_by_type": {"executed_lines": [], "summary": {"covered_lines": 0, "num_statements": 5, "percent_covered": 0.0, "percent_covered_display": "0", "missing_lines": 5, "excluded_lines": 0}, "missing_lines": [37, 38, 39, 40, 41], "excluded_lines": []}, "find_all_headings": {"executed_lines": [], "summary": {"covered_lines": 0, "num_statements": 8, "percent_covered": 0.0, "percent_covered_display": "0", "missing_lines": 8, "excluded_lines": 0}, "missing_lines": [46, 47, 48, 49, 50, 52, 53, 54], "excluded_lines": []}, "validate_ast": {"executed_lines": [], "summary": {"covered_lines": 0, "num_statements": 16, "percent_covered": 0.0, "percent_covered_display": "0", "missing_lines": 16, "excluded_lines": 0}, "missing_lines": [59, 61, 62, 63, 64, 66, 67, 68, 70, 71, 72, 75, 76, 77, 78, 80], "excluded_lines": []}, "": {"executed_lines": [1, 7, 9, 12, 35, 44, 57], "summary": {"covered_lines": 6, "num_statements": 6, "percent_covered": 100.0, "percent_covered_display": "100", "missing_lines": 0, "excluded_lines": 0}, "missing_lines": [], "excluded_lines": []}}, "classes": {"": {"executed_lines": [1, 7, 9, 12, 35, 44, 57], "summary": {"covered_lines": 6, "num_statements": 49, "percent_covered": 12.244897959183673, "percent_covered_display": "12", "missing_lines": 43, "excluded_lines": 0}, "missing_lines": [14, 15, 17, 18, 20, 21, 22, 24, 25, 26, 27, 29, 30, 32, 37, 38, 39, 40, 41, 46, 47, 48, 49, 50, 52, 53, 54, 59, 61, 62, 63, 64, 66, 67, 68, 70, 71, 72, 75, 76, 77, 78, 80], "excluded_lines": []}}}, "kumihan_formatter/core/common/__init__.py": {"executed_lines": [1, 6, 19, 21], "summary": {"covered_lines": 3, "num_statements": 3, "percent_covered": 100.0, "percent_covered_display": "100", "missing_lines": 0, "excluded_lines": 0}, "missing_lines": [], "excluded_lines": [], "functions": {"": {"executed_lines": [1, 6, 19, 21], "summary": {"covered_lines": 3, "num_statements": 3, "percent_covered": 100.0, "percent_covered_display": "100", "missing_lines": 0, "excluded_lines": 0}, "missing_lines": [], "excluded_lines": []}}, "classes": {"": {"executed_lines": [1, 6, 19, 21], "summary": {"covered_lines": 3, "num_statements": 3, "percent_covered": 100.0, "percent_covered_display": "100", "missing_lines": 0, "excluded_lines": 0}, "missing_lines": [], "excluded_lines": []}}}, "kumihan_formatter/core/common/error_base.py": {"executed_lines": [1, 12, 13, 14, 15, 16, 20, 21, 23, 24, 25, 26, 29, 30, 32, 33, 34, 35, 36, 37, 38, 39, 40, 41, 42, 45, 46, 47, 49, 50, 51, 52, 53, 54, 55, 57, 69, 84, 85, 87, 121, 133, 145, 156, 160, 164, 168, 192, 193, 195, 204, 205, 207, 216, 217, 218, 227, 228, 229, 230, 231, 232, 233, 234, 237, 238, 239, 240, 242, 247, 248, 252, 253, 257, 258, 276, 298, 305, 318, 325, 330, 337, 338, 340, 344, 345, 347], "summary": {"covered_lines": 77, "num_statements": 154, "percent_covered": 50.0, "percent_covered_display": "50", "missing_lines": 77, "excluded_lines": 0}, "missing_lines": [59, 71, 72, 73, 74, 75, 76, 77, 78, 79, 81, 106, 108, 109, 110, 111, 113, 114, 115, 116, 117, 118, 119, 123, 135, 137, 138, 140, 141, 143, 147, 149, 150, 151, 152, 154, 158, 162, 166, 170, 181, 198, 199, 210, 211, 243, 244, 250, 255, 261, 263, 264, 266, 267, 268, 270, 271, 272, 274, 278, 300, 301, 303, 307, 308, 310, 320, 321, 322, 323, 327, 328, 332, 333, 334, 341, 348], "excluded_lines": [], "functions": {"ErrorContext.to_dict": {"executed_lines": [], "summary": {"covered_lines": 0, "num_statements": 1, "percent_covered": 0.0, "percent_covered_display": "0", "missing_lines": 1, "excluded_lines": 0}, "missing_lines": [59], "excluded_lines": []}, "ErrorContext.__str__": {"executed_lines": [], "summary": {"covered_lines": 0, "num_statements": 10, "percent_covered": 0.0, "percent_covered_display": "0", "missing_lines": 10, "excluded_lines": 0}, "missing_lines": [71, 72, 73, 74, 75, 76, 77, 78, 79, 81], "excluded_lines": []}, "KumihanError.__init__": {"executed_lines": [], "summary": {"covered_lines": 0, "num_statements": 12, "percent_covered": 0.0, "percent_covered_display": "0", "missing_lines": 12, "excluded_lines": 0}, "missing_lines": [106, 108, 109, 110, 111, 113, 114, 115, 116, 117, 118, 119], "excluded_lines": []}, "KumihanError.to_dict": {"executed_lines": [], "summary": {"covered_lines": 0, "num_statements": 1, "percent_covered": 0.0, "percent_covered_display": "0", "missing_lines": 1, "excluded_lines": 0}, "missing_lines": [123], "excluded_lines": []}, "KumihanError.__str__": {"executed_lines": [], "summary": {"covered_lines": 0, "num_statements": 6, "percent_covered": 0.0, "percent_covered_display": "0", "missing_lines": 6, "excluded_lines": 0}, "missing_lines": [135, 137, 138, 140, 141, 143], "excluded_lines": []}, "KumihanError.get_user_message": {"executed_lines": [], "summary": {"covered_lines": 0, "num_statements": 6, "percent_covered": 0.0, "percent_covered_display": "0", "missing_lines": 6, "excluded_lines": 0}, "missing_lines": [147, 149, 150, 151, 152, 154], "excluded_lines": []}, "KumihanError.is_critical": {"executed_lines": [], "summary": {"covered_lines": 0, "num_statements": 1, "percent_covered": 0.0, "percent_covered_display": "0", "missing_lines": 1, "excluded_lines": 0}, "missing_lines": [158], "excluded_lines": []}, "KumihanError.is_recoverable": {"executed_lines": [], "summary": {"covered_lines": 0, "num_statements": 1, "percent_covered": 0.0, "percent_covered_display": "0", "missing_lines": 1, "excluded_lines": 0}, "missing_lines": [162], "excluded_lines": []}, "KumihanError.add_suggestion": {"executed_lines": [], "summary": {"covered_lines": 0, "num_statements": 1, "percent_covered": 0.0, "percent_covered_display": "0", "missing_lines": 1, "excluded_lines": 0}, "missing_lines": [166], "excluded_lines": []}, "KumihanError.with_context": {"executed_lines": [], "summary": {"covered_lines": 0, "num_statements": 2, "percent_covered": 0.0, "percent_covered_display": "0", "missing_lines": 2, "excluded_lines": 0}, "missing_lines": [170, 181], "excluded_lines": []}, "FileSystemError.__init__": {"executed_lines": [], "summary": {"covered_lines": 0, "num_statements": 2, "percent_covered": 0.0, "percent_covered_display": "0", "missing_lines": 2, "excluded_lines": 0}, "missing_lines": [198, 199], "excluded_lines": []}, "SyntaxError.__init__": {"executed_lines": [], "summary": {"covered_lines": 0, "num_statements": 2, "percent_covered": 0.0, "percent_covered_display": "0", "missing_lines": 2, "excluded_lines": 0}, "missing_lines": [210, 211], "excluded_lines": []}, "GracefulSyntaxError.__post_init__": {"executed_lines": [], "summary": {"covered_lines": 0, "num_statements": 2, "percent_covered": 0.0, "percent_covered_display": "0", "missing_lines": 2, "excluded_lines": 0}, "missing_lines": [243, 244], "excluded_lines": []}, "GracefulSyntaxError.html_class": {"executed_lines": [], "summary": {"covered_lines": 0, "num_statements": 1, "percent_covered": 0.0, "percent_covered_display": "0", "missing_lines": 1, "excluded_lines": 0}, "missing_lines": [250], "excluded_lines": []}, "GracefulSyntaxError.display_title": {"executed_lines": [], "summary": {"covered_lines": 0, "num_statements": 1, "percent_covered": 0.0, "percent_covered_display": "0", "missing_lines": 1, "excluded_lines": 0}, "missing_lines": [255], "excluded_lines": []}, "GracefulSyntaxError.html_content": {"executed_lines": [], "summary": {"covered_lines": 0, "num_statements": 10, "percent_covered": 0.0, "percent_covered_display": "0", "missing_lines": 10, "excluded_lines": 0}, "missing_lines": [261, 263, 264, 266, 267, 268, 270, 271, 272, 274], "excluded_lines": []}, "GracefulSyntaxError.to_dict": {"executed_lines": [], "summary": {"covered_lines": 0, "num_statements": 1, "percent_covered": 0.0, "percent_covered_display": "0", "missing_lines": 1, "excluded_lines": 0}, "missing_lines": [278], "excluded_lines": []}, "GracefulSyntaxError.get_highlighted_context": {"executed_lines": [], "summary": {"covered_lines": 0, "num_statements": 3, "percent_covered": 0.0, "percent_covered_display": "0", "missing_lines": 3, "excluded_lines": 0}, "missing_lines": [300, 301, 303], "excluded_lines": []}, "GracefulSyntaxError.get_correction_suggestions_html": {"executed_lines": [], "summary": {"covered_lines": 0, "num_statements": 3, "percent_covered": 0.0, "percent_covered_display": "0", "missing_lines": 3, "excluded_lines": 0}, "missing_lines": [307, 308, 310], "excluded_lines": []}, "GracefulSyntaxError.add_correction_suggestion": {"executed_lines": [], "summary": {"covered_lines": 0, "num_statements": 4, "percent_covered": 0.0, "percent_covered_display": "0", "missing_lines": 4, "excluded_lines": 0}, "missing_lines": [320, 321, 322, 323], "excluded_lines": []}, "GracefulSyntaxError.set_highlight_range": {"executed_lines": [], "summary": {"covered_lines": 0, "num_statements": 2, "percent_covered": 0.0, "percent_covered_display": "0", "missing_lines": 2, "excluded_lines": 0}, "missing_lines": [327, 328], "excluded_lines": []}, "GracefulSyntaxError.classify_error_pattern": {"executed_lines": [], "summary": {"covered_lines": 0, "num_statements": 3, "percent_covered": 0.0, "percent_covered_display": "0", "missing_lines": 3, "excluded_lines": 0}, "missing_lines": [332, 333, 334], "excluded_lines": []}, "ValidationError.__init__": {"executed_lines": [], "summary": {"covered_lines": 0, "num_statements": 1, "percent_covered": 0.0, "percent_covered_display": "0", "missing_lines": 1, "excluded_lines": 0}, "missing_lines": [341], "excluded_lines": []}, "ConfigurationError.__init__": {"executed_lines": [], "summary": {"covered_lines": 0, "num_statements": 1, "percent_covered": 0.0, "percent_covered_display": "0", "missing_lines": 1, "excluded_lines": 0}, "missing_lines": [348], "excluded_lines": []}, "": {"executed_lines": [1, 12, 13, 14, 15, 16, 20, 21, 23, 24, 25, 26, 29, 30, 32, 33, 34, 35, 36, 37, 38, 39, 40, 41, 42, 45, 46, 47, 49, 50, 51, 52, 53, 54, 55, 57, 69, 84, 85, 87, 121, 133, 145, 156, 160, 164, 168, 192, 193, 195, 204, 205, 207, 216, 217, 218, 227, 228, 229, 230, 231, 232, 233, 234, 237, 238, 239, 240, 242, 247, 248, 252, 253, 257, 258, 276, 298, 305, 318, 325, 330, 337, 338, 340, 344, 345, 347], "summary": {"covered_lines": 77, "num_statements": 77, "percent_covered": 100.0, "percent_covered_display": "100", "missing_lines": 0, "excluded_lines": 0}, "missing_lines": [], "excluded_lines": []}}, "classes": {"ErrorSeverity": {"executed_lines": [], "summary": {"covered_lines": 0, "num_statements": 0, "percent_covered": 100.0, "percent_covered_display": "100", "missing_lines": 0, "excluded_lines": 0}, "missing_lines": [], "excluded_lines": []}, "ErrorCategory": {"executed_lines": [], "summary": {"covered_lines": 0, "num_statements": 0, "percent_covered": 100.0, "percent_covered_display": "100", "missing_lines": 0, "excluded_lines": 0}, "missing_lines": [], "excluded_lines": []}, "ErrorContext": {"executed_lines": [], "summary": {"covered_lines": 0, "num_statements": 11, "percent_covered": 0.0, "percent_covered_display": "0", "missing_lines": 11, "excluded_lines": 0}, "missing_lines": [59, 71, 72, 73, 74, 75, 76, 77, 78, 79, 81], "excluded_lines": []}, "KumihanError": {"executed_lines": [], "summary": {"covered_lines": 0, "num_statements": 30, "percent_covered": 0.0, "percent_covered_display": "0", "missing_lines": 30, "excluded_lines": 0}, "missing_lines": [106, 108, 109, 110, 111, 113, 114, 115, 116, 117, 118, 119, 123, 135, 137, 138, 140, 141, 143, 147, 149, 150, 151, 152, 154, 158, 162, 166, 170, 181], "excluded_lines": []}, "FileSystemError": {"executed_lines": [], "summary": {"covered_lines": 0, "num_statements": 2, "percent_covered": 0.0, "percent_covered_display": "0", "missing_lines": 2, "excluded_lines": 0}, "missing_lines": [198, 199], "excluded_lines": []}, "SyntaxError": {"executed_lines": [], "summary": {"covered_lines": 0, "num_statements": 2, "percent_covered": 0.0, "percent_covered_display": "0", "missing_lines": 2, "excluded_lines": 0}, "missing_lines": [210, 211], "excluded_lines": []}, "GracefulSyntaxError": {"executed_lines": [], "summary": {"covered_lines": 0, "num_statements": 30, "percent_covered": 0.0, "percent_covered_display": "0", "missing_lines": 30, "excluded_lines": 0}, "missing_lines": [243, 244, 250, 255, 261, 263, 264, 266, 267, 268, 270, 271, 272, 274, 278, 300, 301, 303, 307, 308, 310, 320, 321, 322, 323, 327, 328, 332, 333, 334], "excluded_lines": []}, "ValidationError": {"executed_lines": [], "summary": {"covered_lines": 0, "num_statements": 1, "percent_covered": 0.0, "percent_covered_display": "0", "missing_lines": 1, "excluded_lines": 0}, "missing_lines": [341], "excluded_lines": []}, "ConfigurationError": {"executed_lines": [], "summary": {"covered_lines": 0, "num_statements": 1, "percent_covered": 0.0, "percent_covered_display": "0", "missing_lines": 1, "excluded_lines": 0}, "missing_lines": [348], "excluded_lines": []}, "": {"executed_lines": [1, 12, 13, 14, 15, 16, 20, 21, 23, 24, 25, 26, 29, 30, 32, 33, 34, 35, 36, 37, 38, 39, 40, 41, 42, 45, 46, 47, 49, 50, 51, 52, 53, 54, 55, 57, 69, 84, 85, 87, 121, 133, 145, 156, 160, 164, 168, 192, 193, 195, 204, 205, 207, 216, 217, 218, 227, 228, 229, 230, 231, 232, 233, 234, 237, 238, 239, 240, 242, 247, 248, 252, 253, 257, 258, 276, 298, 305, 318, 325, 330, 337, 338, 340, 344, 345, 347], "summary": {"covered_lines": 77, "num_statements": 77, "percent_covered": 100.0, "percent_covered_display": "100", "missing_lines": 0, "excluded_lines": 0}, "missing_lines": [], "excluded_lines": []}}}, "kumihan_formatter/core/common/error_framework.py": {"executed_lines": [1, 14, 28, 49, 87, 109], "summary": {"covered_lines": 5, "num_statements": 9, "percent_covered": 55.55555555555556, "percent_covered_display": "56", "missing_lines": 4, "excluded_lines": 0}, "missing_lines": [72, 78, 102, 124], "excluded_lines": [], "functions": {"create_error_with_context": {"executed_lines": [], "summary": {"covered_lines": 0, "num_statements": 2, "percent_covered": 0.0, "percent_covered_display": "0", "missing_lines": 2, "excluded_lines": 0}, "missing_lines": [72, 78], "excluded_lines": []}, "create_file_error": {"executed_lines": [], "summary": {"covered_lines": 0, "num_statements": 1, "percent_covered": 0.0, "percent_covered_display": "0", "missing_lines": 1, "excluded_lines": 0}, "missing_lines": [102], "excluded_lines": []}, "create_syntax_error": {"executed_lines": [], "summary": {"covered_lines": 0, "num_statements": 1, "percent_covered": 0.0, "percent_covered_display": "0", "missing_lines": 1, "excluded_lines": 0}, "missing_lines": [124], "excluded_lines": []}, "": {"executed_lines": [1, 14, 28, 49, 87, 109], "summary": {"covered_lines": 5, "num_statements": 5, "percent_covered": 100.0, "percent_covered_display": "100", "missing_lines": 0, "excluded_lines": 0}, "missing_lines": [], "excluded_lines": []}}, "classes": {"": {"executed_lines": [1, 14, 28, 49, 87, 109], "summary": {"covered_lines": 5, "num_statements": 9, "percent_covered": 55.55555555555556, "percent_covered_display": "56", "missing_lines": 4, "excluded_lines": 0}, "missing_lines": [72, 78, 102, 124], "excluded_lines": []}}}, "kumihan_formatter/core/common/validation_mixin.py": {"executed_lines": [1, 7, 9, 12, 13, 15, 38, 56, 57, 63, 68, 79, 105, 125, 143, 155, 159, 163, 178, 196, 240, 262], "summary": {"covered_lines": 19, "num_statements": 80, "percent_covered": 23.75, "percent_covered_display": "24", "missing_lines": 61, "excluded_lines": 0}, "missing_lines": [32, 33, 34, 35, 36, 47, 48, 49, 50, 51, 53, 64, 65, 66, 75, 76, 77, 96, 103, 115, 116, 118, 119, 120, 121, 123, 134, 136, 137, 138, 140, 141, 152, 153, 157, 161, 170, 171, 188, 189, 211, 212, 214, 215, 217, 218, 220, 221, 223, 224, 226, 227, 230, 232, 233, 250, 252, 254, 255, 272, 273], "excluded_lines": [], "functions": {"ValidationRule.__init__": {"executed_lines": [], "summary": {"covered_lines": 0, "num_statements": 5, "percent_covered": 0.0, "percent_covered_display": "0", "missing_lines": 5, "excluded_lines": 0}, "missing_lines": [32, 33, 34, 35, 36], "excluded_lines": []}, "ValidationRule.validate": {"executed_lines": [], "summary": {"covered_lines": 0, "num_statements": 6, "percent_covered": 0.0, "percent_covered_display": "0", "missing_lines": 6, "excluded_lines": 0}, "missing_lines": [47, 48, 49, 50, 51, 53], "excluded_lines": []}, "ValidationMixin.__init__": {"executed_lines": [], "summary": {"covered_lines": 0, "num_statements": 3, "percent_covered": 0.0, "percent_covered_display": "0", "missing_lines": 3, "excluded_lines": 0}, "missing_lines": [64, 65, 66], "excluded_lines": []}, "ValidationMixin.add_validation_rule": {"executed_lines": [], "summary": {"covered_lines": 0, "num_statements": 3, "percent_covered": 0.0, "percent_covered_display": "0", "missing_lines": 3, "excluded_lines": 0}, "missing_lines": [75, 76, 77], "excluded_lines": []}, "ValidationMixin.add_simple_rule": {"executed_lines": [], "summary": {"covered_lines": 0, "num_statements": 2, "percent_covered": 0.0, "percent_covered_display": "0", "missing_lines": 2, "excluded_lines": 0}, "missing_lines": [96, 103], "excluded_lines": []}, "ValidationMixin.validate_field": {"executed_lines": [], "summary": {"covered_lines": 0, "num_statements": 7, "percent_covered": 0.0, "percent_covered_display": "0", "missing_lines": 7, "excluded_lines": 0}, "missing_lines": [115, 116, 118, 119, 120, 121, 123], "excluded_lines": []}, "ValidationMixin.validate_all": {"executed_lines": [], "summary": {"covered_lines": 0, "num_statements": 6, "percent_covered": 0.0, "percent_covered_display": "0", "missing_lines": 6, "excluded_lines": 0}, "missing_lines": [134, 136, 137, 138, 140, 141], "excluded_lines": []}, "ValidationMixin.is_valid": {"executed_lines": [], "summary": {"covered_lines": 0, "num_statements": 2, "percent_covered": 0.0, "percent_covered_display": "0", "missing_lines": 2, "excluded_lines": 0}, "missing_lines": [152, 153], "excluded_lines": []}, "ValidationMixin.get_validation_errors": {"executed_lines": [], "summary": {"covered_lines": 0, "num_statements": 1, "percent_covered": 0.0, "percent_covered_display": "0", "missing_lines": 1, "excluded_lines": 0}, "missing_lines": [157], "excluded_lines": []}, "ValidationMixin.clear_validation_errors": {"executed_lines": [], "summary": {"covered_lines": 0, "num_statements": 1, "percent_covered": 0.0, "percent_covered_display": "0", "missing_lines": 1, "excluded_lines": 0}, "missing_lines": [161], "excluded_lines": []}, "ValidationMixin.require_not_empty": {"executed_lines": [], "summary": {"covered_lines": 0, "num_statements": 2, "percent_covered": 0.0, "percent_covered_display": "0", "missing_lines": 2, "excluded_lines": 0}, "missing_lines": [170, 171], "excluded_lines": []}, "ValidationMixin.require_type": {"executed_lines": [], "summary": {"covered_lines": 0, "num_statements": 2, "percent_covered": 0.0, "percent_covered_display": "0", "missing_lines": 2, "excluded_lines": 0}, "missing_lines": [188, 189], "excluded_lines": []}, "ValidationMixin.require_in_range": {"executed_lines": [], "summary": {"covered_lines": 0, "num_statements": 14, "percent_covered": 0.0, "percent_covered_display": "0", "missing_lines": 14, "excluded_lines": 0}, "missing_lines": [211, 212, 214, 217, 218, 220, 221, 223, 224, 226, 227, 230, 232, 233], "excluded_lines": []}, "ValidationMixin.require_in_range.validator": {"executed_lines": [], "summary": {"covered_lines": 0, "num_statements": 1, "percent_covered": 0.0, "percent_covered_display": "0", "missing_lines": 1, "excluded_lines": 0}, "missing_lines": [215], "excluded_lines": []}, "ValidationMixin.require_matches_pattern": {"executed_lines": [], "summary": {"covered_lines": 0, "num_statements": 4, "percent_covered": 0.0, "percent_covered_display": "0", "missing_lines": 4, "excluded_lines": 0}, "missing_lines": [250, 252, 254, 255], "excluded_lines": []}, "ValidationMixin.require_one_of": {"executed_lines": [], "summary": {"covered_lines": 0, "num_statements": 2, "percent_covered": 0.0, "percent_covered_display": "0", "missing_lines": 2, "excluded_lines": 0}, "missing_lines": [272, 273], "excluded_lines": []}, "": {"executed_lines": [1, 7, 9, 12, 13, 15, 38, 56, 57, 63, 68, 79, 105, 125, 143, 155, 159, 163, 178, 196, 240, 262], "summary": {"covered_lines": 19, "num_statements": 19, "percent_covered": 100.0, "percent_covered_display": "100", "missing_lines": 0, "excluded_lines": 0}, "missing_lines": [], "excluded_lines": []}}, "classes": {"ValidationRule": {"executed_lines": [], "summary": {"covered_lines": 0, "num_statements": 11, "percent_covered": 0.0, "percent_covered_display": "0", "missing_lines": 11, "excluded_lines": 0}, "missing_lines": [32, 33, 34, 35, 36, 47, 48, 49, 50, 51, 53], "excluded_lines": []}, "ValidationMixin": {"executed_lines": [], "summary": {"covered_lines": 0, "num_statements": 50, "percent_covered": 0.0, "percent_covered_display": "0", "missing_lines": 50, "excluded_lines": 0}, "missing_lines": [64, 65, 66, 75, 76, 77, 96, 103, 115, 116, 118, 119, 120, 121, 123, 134, 136, 137, 138, 140, 141, 152, 153, 157, 161, 170, 171, 188, 189, 211, 212, 214, 215, 217, 218, 220, 221, 223, 224, 226, 227, 230, 232, 233, 250, 252, 254, 255, 272, 273], "excluded_lines": []}, "": {"executed_lines": [1, 7, 9, 12, 13, 15, 38, 56, 57, 63, 68, 79, 105, 125, 143, 155, 159, 163, 178, 196, 240, 262], "summary": {"covered_lines": 19, "num_statements": 19, "percent_covered": 100.0, "percent_covered_display": "100", "missing_lines": 0, "excluded_lines": 0}, "missing_lines": [], "excluded_lines": []}}}, "kumihan_formatter/core/config/__init__.py": {"executed_lines": [1, 46], "summary": {"covered_lines": 1, "num_statements": 1, "percent_covered": 100.0, "percent_covered_display": "100", "missing_lines": 0, "excluded_lines": 0}, "missing_lines": [], "excluded_lines": [], "functions": {"": {"executed_lines": [1, 46], "summary": {"covered_lines": 1, "num_statements": 1, "percent_covered": 100.0, "percent_covered_display": "100", "missing_lines": 0, "excluded_lines": 0}, "missing_lines": [], "excluded_lines": []}}, "classes": {"": {"executed_lines": [1, 46], "summary": {"covered_lines": 1, "num_statements": 1, "percent_covered": 100.0, "percent_covered_display": "100", "missing_lines": 0, "excluded_lines": 0}, "missing_lines": [], "excluded_lines": []}}}, "kumihan_formatter/core/error_handling/__init__.py": {"executed_lines": [1, 17], "summary": {"covered_lines": 1, "num_statements": 1, "percent_covered": 100.0, "percent_covered_display": "100", "missing_lines": 0, "excluded_lines": 0}, "missing_lines": [], "excluded_lines": [], "functions": {"": {"executed_lines": [1, 17], "summary": {"covered_lines": 1, "num_statements": 1, "percent_covered": 100.0, "percent_covered_display": "100", "missing_lines": 0, "excluded_lines": 0}, "missing_lines": [], "excluded_lines": []}}, "classes": {"": {"executed_lines": [1, 17], "summary": {"covered_lines": 1, "num_statements": 1, "percent_covered": 100.0, "percent_covered_display": "100", "missing_lines": 0, "excluded_lines": 0}, "missing_lines": [], "excluded_lines": []}}}, "kumihan_formatter/core/io/__init__.py": {"executed_lines": [1, 10, 11, 12, 13, 15], "summary": {"covered_lines": 5, "num_statements": 5, "percent_covered": 100.0, "percent_covered_display": "100", "missing_lines": 0, "excluded_lines": 0}, "missing_lines": [], "excluded_lines": [], "functions": {"": {"executed_lines": [1, 10, 11, 12, 13, 15], "summary": {"covered_lines": 5, "num_statements": 5, "percent_covered": 100.0, "percent_covered_display": "100", "missing_lines": 0, "excluded_lines": 0}, "missing_lines": [], "excluded_lines": []}}, "classes": {"": {"executed_lines": [1, 10, 11, 12, 13, 15], "summary": {"covered_lines": 5, "num_statements": 5, "percent_covered": 100.0, "percent_covered_display": "100", "missing_lines": 0, "excluded_lines": 0}, "missing_lines": [], "excluded_lines": []}}}, "kumihan_formatter/core/io/distribution_converter.py": {"executed_lines": [1, 8, 9, 10, 12, 15, 16, 22, 34, 39, 41, 77, 110, 141, 153], "summary": {"covered_lines": 13, "num_statements": 65, "percent_covered": 20.0, "percent_covered_display": "20", "missing_lines": 52, "excluded_lines": 0}, "missing_lines": [51, 53, 54, 57, 60, 61, 64, 65, 67, 68, 70, 72, 73, 74, 75, 87, 89, 90, 93, 96, 98, 99, 100, 101, 103, 105, 106, 107, 108, 112, 115, 118, 121, 122, 123, 124, 127, 128, 131, 134, 137, 139, 143, 146, 147, 148, 151, 155, 158, 159, 160, 163], "excluded_lines": [], "functions": {"DistributionConverter.__init__": {"executed_lines": [39], "summary": {"covered_lines": 1, "num_statements": 1, "percent_covered": 100.0, "percent_covered_display": "100", "missing_lines": 0, "excluded_lines": 0}, "missing_lines": [], "excluded_lines": []}, "DistributionConverter.convert_to_txt": {"executed_lines": [], "summary": {"covered_lines": 0, "num_statements": 15, "percent_covered": 0.0, "percent_covered_display": "0", "missing_lines": 15, "excluded_lines": 0}, "missing_lines": [51, 53, 54, 57, 60, 61, 64, 65, 67, 68, 70, 72, 73, 74, 75], "excluded_lines": []}, "DistributionConverter.convert_to_html": {"executed_lines": [], "summary": {"covered_lines": 0, "num_statements": 14, "percent_covered": 0.0, "percent_covered_display": "0", "missing_lines": 14, "excluded_lines": 0}, "missing_lines": [87, 89, 90, 93, 96, 98, 99, 100, 101, 103, 105, 106, 107, 108], "excluded_lines": []}, "DistributionConverter._markdown_to_plain_text": {"executed_lines": [], "summary": {"covered_lines": 0, "num_statements": 13, "percent_covered": 0.0, "percent_covered_display": "0", "missing_lines": 13, "excluded_lines": 0}, "missing_lines": [112, 115, 118, 121, 122, 123, 124, 127, 128, 131, 134, 137, 139], "excluded_lines": []}, "DistributionConverter._get_user_friendly_filename": {"executed_lines": [], "summary": {"covered_lines": 0, "num_statements": 5, "percent_covered": 0.0, "percent_covered_display": "0", "missing_lines": 5, "excluded_lines": 0}, "missing_lines": [143, 146, 147, 148, 151], "excluded_lines": []}, "DistributionConverter._generate_title_from_filename": {"executed_lines": [], "summary": {"covered_lines": 0, "num_statements": 5, "percent_covered": 0.0, "percent_covered_display": "0", "missing_lines": 5, "excluded_lines": 0}, "missing_lines": [155, 158, 159, 160, 163], "excluded_lines": []}, "": {"executed_lines": [1, 8, 9, 10, 12, 15, 16, 22, 34, 41, 77, 110, 141, 153], "summary": {"covered_lines": 12, "num_statements": 12, "percent_covered": 100.0, "percent_covered_display": "100", "missing_lines": 0, "excluded_lines": 0}, "missing_lines": [], "excluded_lines": []}}, "classes": {"DistributionConverter": {"executed_lines": [39], "summary": {"covered_lines": 1, "num_statements": 53, "percent_covered": 1.8867924528301887, "percent_covered_display": "2", "missing_lines": 52, "excluded_lines": 0}, "missing_lines": [51, 53, 54, 57, 60, 61, 64, 65, 67, 68, 70, 72, 73, 74, 75, 87, 89, 90, 93, 96, 98, 99, 100, 101, 103, 105, 106, 107, 108, 112, 115, 118, 121, 122, 123, 124, 127, 128, 131, 134, 137, 139, 143, 146, 147, 148, 151, 155, 158, 159, 160, 163], "excluded_lines": []}, "": {"executed_lines": [1, 8, 9, 10, 12, 15, 16, 22, 34, 41, 77, 110, 141, 153], "summary": {"covered_lines": 12, "num_statements": 12, "percent_covered": 100.0, "percent_covered_display": "100", "missing_lines": 0, "excluded_lines": 0}, "missing_lines": [], "excluded_lines": []}}}, "kumihan_formatter/core/io/distribution_manager.py": {"executed_lines": [1, 8, 9, 10, 12, 13, 14, 17, 18, 20, 27, 28, 31, 32, 33, 35, 71, 113], "summary": {"covered_lines": 16, "num_statements": 49, "percent_covered": 32.6530612244898, "percent_covered_display": "33", "missing_lines": 33, "excluded_lines": 0}, "missing_lines": [48, 50, 51, 52, 55, 56, 57, 60, 61, 62, 64, 65, 67, 68, 69, 81, 82, 84, 85, 86, 87, 88, 91, 93, 94, 95, 96, 100, 102, 104, 105, 106, 115], "excluded_lines": [], "functions": {"DistributionManager.__init__": {"executed_lines": [27, 28, 31, 32, 33], "summary": {"covered_lines": 5, "num_statements": 5, "percent_covered": 100.0, "percent_covered_display": "100", "missing_lines": 0, "excluded_lines": 0}, "missing_lines": [], "excluded_lines": []}, "DistributionManager.create_distribution": {"executed_lines": [], "summary": {"covered_lines": 0, "num_statements": 15, "percent_covered": 0.0, "percent_covered_display": "0", "missing_lines": 15, "excluded_lines": 0}, "missing_lines": [48, 50, 51, 52, 55, 56, 57, 60, 61, 62, 64, 65, 67, 68, 69], "excluded_lines": []}, "DistributionManager.validate_distribution": {"executed_lines": [], "summary": {"covered_lines": 0, "num_statements": 17, "percent_covered": 0.0, "percent_covered_display": "0", "missing_lines": 17, "excluded_lines": 0}, "missing_lines": [81, 82, 84, 85, 86, 87, 88, 91, 93, 94, 95, 96, 100, 102, 104, 105, 106], "excluded_lines": []}, "DistributionManager.get_distribution_info": {"executed_lines": [], "summary": {"covered_lines": 0, "num_statements": 1, "percent_covered": 0.0, "percent_covered_display": "0", "missing_lines": 1, "excluded_lines": 0}, "missing_lines": [115], "excluded_lines": []}, "": {"executed_lines": [1, 8, 9, 10, 12, 13, 14, 17, 18, 20, 35, 71, 113], "summary": {"covered_lines": 11, "num_statements": 11, "percent_covered": 100.0, "percent_covered_display": "100", "missing_lines": 0, "excluded_lines": 0}, "missing_lines": [], "excluded_lines": []}}, "classes": {"DistributionManager": {"executed_lines": [27, 28, 31, 32, 33], "summary": {"covered_lines": 5, "num_statements": 38, "percent_covered": 13.157894736842104, "percent_covered_display": "13", "missing_lines": 33, "excluded_lines": 0}, "missing_lines": [48, 50, 51, 52, 55, 56, 57, 60, 61, 62, 64, 65, 67, 68, 69, 81, 82, 84, 85, 86, 87, 88, 91, 93, 94, 95, 96, 100, 102, 104, 105, 106, 115], "excluded_lines": []}, "": {"executed_lines": [1, 8, 9, 10, 12, 13, 14, 17, 18, 20, 35, 71, 113], "summary": {"covered_lines": 11, "num_statements": 11, "percent_covered": 100.0, "percent_covered_display": "100", "missing_lines": 0, "excluded_lines": 0}, "missing_lines": [], "excluded_lines": []}}}, "kumihan_formatter/core/io/distribution_processor.py": {"executed_lines": [1, 8, 9, 10, 11, 13, 16, 17, 22, 27, 29, 60, 86, 109, 134, 155, 173], "summary": {"covered_lines": 15, "num_statements": 82, "percent_covered": 18.29268292682927, "percent_covered_display": "18", "missing_lines": 67, "excluded_lines": 0}, "missing_lines": [45, 48, 49, 50, 53, 56, 58, 62, 63, 65, 66, 69, 70, 73, 76, 77, 79, 80, 84, 88, 89, 91, 92, 93, 94, 95, 96, 98, 99, 101, 102, 103, 107, 122, 123, 124, 125, 126, 127, 129, 130, 131, 132, 141, 142, 144, 145, 146, 148, 149, 151, 152, 153, 157, 159, 179, 180, 182, 183, 185, 186, 188, 189, 191, 192, 194, 195], "excluded_lines": [], "functions": {"DistributionProcessor.__init__": {"executed_lines": [27], "summary": {"covered_lines": 1, "num_statements": 1, "percent_covered": 100.0, "percent_covered_display": "100", "missing_lines": 0, "excluded_lines": 0}, "missing_lines": [], "excluded_lines": []}, "DistributionProcessor.copy_program_files": {"executed_lines": [], "summary": {"covered_lines": 0, "num_statements": 7, "percent_covered": 0.0, "percent_covered_display": "0", "missing_lines": 7, "excluded_lines": 0}, "missing_lines": [45, 48, 49, 50, 53, 56, 58], "excluded_lines": []}, "DistributionProcessor._copy_main_program": {"executed_lines": [], "summary": {"covered_lines": 0, "num_statements": 12, "percent_covered": 0.0, "percent_covered_display": "0", "missing_lines": 12, "excluded_lines": 0}, "missing_lines": [62, 63, 65, 66, 69, 70, 73, 76, 77, 79, 80, 84], "excluded_lines": []}, "DistributionProcessor._copy_setup_files": {"executed_lines": [], "summary": {"covered_lines": 0, "num_statements": 14, "percent_covered": 0.0, "percent_covered_display": "0", "missing_lines": 14, "excluded_lines": 0}, "missing_lines": [88, 89, 91, 92, 93, 94, 95, 96, 98, 99, 101, 102, 103, 107], "excluded_lines": []}, "DistributionProcessor._copy_file_as_is": {"executed_lines": [], "summary": {"covered_lines": 0, "num_statements": 10, "percent_covered": 0.0, "percent_covered_display": "0", "missing_lines": 10, "excluded_lines": 0}, "missing_lines": [122, 123, 124, 125, 126, 127, 129, 130, 131, 132], "excluded_lines": []}, "DistributionProcessor.create_distribution_info": {"executed_lines": [], "summary": {"covered_lines": 0, "num_statements": 10, "percent_covered": 0.0, "percent_covered_display": "0", "missing_lines": 10, "excluded_lines": 0}, "missing_lines": [141, 142, 144, 145, 146, 148, 149, 151, 152, 153], "excluded_lines": []}, "DistributionProcessor._generate_distribution_info": {"executed_lines": [], "summary": {"covered_lines": 0, "num_statements": 2, "percent_covered": 0.0, "percent_covered_display": "0", "missing_lines": 2, "excluded_lines": 0}, "missing_lines": [157, 159], "excluded_lines": []}, "DistributionProcessor.report_statistics": {"executed_lines": [], "summary": {"covered_lines": 0, "num_statements": 12, "percent_covered": 0.0, "percent_covered_display": "0", "missing_lines": 12, "excluded_lines": 0}, "missing_lines": [179, 180, 182, 183, 185, 186, 188, 189, 191, 192, 194, 195], "excluded_lines": []}, "": {"executed_lines": [1, 8, 9, 10, 11, 13, 16, 17, 22, 29, 60, 86, 109, 134, 155, 173], "summary": {"covered_lines": 14, "num_statements": 14, "percent_covered": 100.0, "percent_covered_display": "100", "missing_lines": 0, "excluded_lines": 0}, "missing_lines": [], "excluded_lines": []}}, "classes": {"DistributionProcessor": {"executed_lines": [27], "summary": {"covered_lines": 1, "num_statements": 68, "percent_covered": 1.4705882352941178, "percent_covered_display": "1", "missing_lines": 67, "excluded_lines": 0}, "missing_lines": [45, 48, 49, 50, 53, 56, 58, 62, 63, 65, 66, 69, 70, 73, 76, 77, 79, 80, 84, 88, 89, 91, 92, 93, 94, 95, 96, 98, 99, 101, 102, 103, 107, 122, 123, 124, 125, 126, 127, 129, 130, 131, 132, 141, 142, 144, 145, 146, 148, 149, 151, 152, 153, 157, 159, 179, 180, 182, 183, 185, 186, 188, 189, 191, 192, 194, 195], "excluded_lines": []}, "": {"executed_lines": [1, 8, 9, 10, 11, 13, 16, 17, 22, 29, 60, 86, 109, 134, 155, 173], "summary": {"covered_lines": 14, "num_statements": 14, "percent_covered": 100.0, "percent_covered_display": "100", "missing_lines": 0, "excluded_lines": 0}, "missing_lines": [], "excluded_lines": []}}}, "kumihan_formatter/core/io/distribution_structure.py": {"executed_lines": [1, 8, 9, 12, 13, 19, 28, 33, 35, 56, 73, 95], "summary": {"covered_lines": 10, "num_statements": 40, "percent_covered": 25.0, "percent_covered_display": "25", "missing_lines": 30, "excluded_lines": 0}, "missing_lines": [44, 46, 47, 49, 50, 51, 53, 54, 65, 66, 67, 68, 69, 70, 71, 83, 92, 93, 101, 102, 105, 106, 107, 108, 110, 111, 112, 113, 114, 116], "excluded_lines": [], "functions": {"DistributionStructure.__init__": {"executed_lines": [33], "summary": {"covered_lines": 1, "num_statements": 1, "percent_covered": 100.0, "percent_covered_display": "100", "missing_lines": 0, "excluded_lines": 0}, "missing_lines": [], "excluded_lines": []}, "DistributionStructure.create_structure": {"executed_lines": [], "summary": {"covered_lines": 0, "num_statements": 8, "percent_covered": 0.0, "percent_covered_display": "0", "missing_lines": 8, "excluded_lines": 0}, "missing_lines": [44, 46, 47, 49, 50, 51, 53, 54], "excluded_lines": []}, "DistributionStructure.validate_structure": {"executed_lines": [], "summary": {"covered_lines": 0, "num_statements": 7, "percent_covered": 0.0, "percent_covered_display": "0", "missing_lines": 7, "excluded_lines": 0}, "missing_lines": [65, 66, 67, 68, 69, 70, 71], "excluded_lines": []}, "DistributionStructure.get_target_directory": {"executed_lines": [], "summary": {"covered_lines": 0, "num_statements": 3, "percent_covered": 0.0, "percent_covered_display": "0", "missing_lines": 3, "excluded_lines": 0}, "missing_lines": [83, 92, 93], "excluded_lines": []}, "DistributionStructure.clean_structure": {"executed_lines": [], "summary": {"covered_lines": 0, "num_statements": 12, "percent_covered": 0.0, "percent_covered_display": "0", "missing_lines": 12, "excluded_lines": 0}, "missing_lines": [101, 102, 105, 106, 107, 108, 110, 111, 112, 113, 114, 116], "excluded_lines": []}, "": {"executed_lines": [1, 8, 9, 12, 13, 19, 28, 35, 56, 73, 95], "summary": {"covered_lines": 9, "num_statements": 9, "percent_covered": 100.0, "percent_covered_display": "100", "missing_lines": 0, "excluded_lines": 0}, "missing_lines": [], "excluded_lines": []}}, "classes": {"DistributionStructure": {"executed_lines": [33], "summary": {"covered_lines": 1, "num_statements": 31, "percent_covered": 3.225806451612903, "percent_covered_display": "3", "missing_lines": 30, "excluded_lines": 0}, "missing_lines": [44, 46, 47, 49, 50, 51, 53, 54, 65, 66, 67, 68, 69, 70, 71, 83, 92, 93, 101, 102, 105, 106, 107, 108, 110, 111, 112, 113, 114, 116], "excluded_lines": []}, "": {"executed_lines": [1, 8, 9, 12, 13, 19, 28, 35, 56, 73, 95], "summary": {"covered_lines": 9, "num_statements": 9, "percent_covered": 100.0, "percent_covered_display": "100", "missing_lines": 0, "excluded_lines": 0}, "missing_lines": [], "excluded_lines": []}}}, "kumihan_formatter/core/io/operations.py": {"executed_lines": [1, 6, 7, 8, 10, 11, 14, 15, 17, 18, 19, 21, 23, 24, 25, 27, 28, 34, 37, 39, 43, 44, 48, 59, 73, 87, 101, 114, 118, 122, 126, 142, 158, 159, 161, 162, 164, 177, 184, 188, 196, 207], "summary": {"covered_lines": 39, "num_statements": 133, "percent_covered": 29.32330827067669, "percent_covered_display": "29", "missing_lines": 94, "excluded_lines": 0}, "missing_lines": [29, 30, 31, 32, 40, 41, 45, 46, 50, 51, 52, 54, 55, 56, 57, 62, 64, 65, 66, 68, 69, 70, 71, 75, 76, 77, 80, 82, 83, 84, 85, 89, 90, 91, 94, 96, 97, 98, 99, 103, 104, 106, 107, 109, 110, 111, 112, 116, 120, 124, 128, 129, 131, 132, 146, 147, 149, 150, 152, 153, 155, 166, 167, 168, 169, 170, 172, 173, 174, 175, 179, 180, 181, 182, 186, 190, 191, 192, 194, 198, 199, 201, 202, 203, 205, 210, 211, 213, 214, 217, 218, 219, 220, 222], "excluded_lines": [], "functions": {"FileOperations.__init__": {"executed_lines": [18, 19], "summary": {"covered_lines": 2, "num_statements": 2, "percent_covered": 100.0, "percent_covered_display": "100", "missing_lines": 0, "excluded_lines": 0}, "missing_lines": [], "excluded_lines": []}, "FileOperations.read_text": {"executed_lines": [23, 24, 25, 27, 28], "summary": {"covered_lines": 5, "num_statements": 9, "percent_covered": 55.55555555555556, "percent_covered_display": "56", "missing_lines": 4, "excluded_lines": 0}, "missing_lines": [29, 30, 31, 32], "excluded_lines": []}, "FileOperations.write_text": {"executed_lines": [37, 39, 43, 44], "summary": {"covered_lines": 4, "num_statements": 8, "percent_covered": 50.0, "percent_covered_display": "50", "missing_lines": 4, "excluded_lines": 0}, "missing_lines": [40, 41, 45, 46], "excluded_lines": []}, "FileOperations.read_binary": {"executed_lines": [], "summary": {"covered_lines": 0, "num_statements": 7, "percent_covered": 0.0, "percent_covered_display": "0", "missing_lines": 7, "excluded_lines": 0}, "missing_lines": [50, 51, 52, 54, 55, 56, 57], "excluded_lines": []}, "FileOperations.write_binary": {"executed_lines": [], "summary": {"covered_lines": 0, "num_statements": 8, "percent_covered": 0.0, "percent_covered_display": "0", "missing_lines": 8, "excluded_lines": 0}, "missing_lines": [62, 64, 65, 66, 68, 69, 70, 71], "excluded_lines": []}, "FileOperations.copy_file": {"executed_lines": [], "summary": {"covered_lines": 0, "num_statements": 8, "percent_covered": 0.0, "percent_covered_display": "0", "missing_lines": 8, "excluded_lines": 0}, "missing_lines": [75, 76, 77, 80, 82, 83, 84, 85], "excluded_lines": []}, "FileOperations.move_file": {"executed_lines": [], "summary": {"covered_lines": 0, "num_statements": 8, "percent_covered": 0.0, "percent_covered_display": "0", "missing_lines": 8, "excluded_lines": 0}, "missing_lines": [89, 90, 91, 94, 96, 97, 98, 99], "excluded_lines": []}, "FileOperations.delete_file": {"executed_lines": [], "summary": {"covered_lines": 0, "num_statements": 8, "percent_covered": 0.0, "percent_covered_display": "0", "missing_lines": 8, "excluded_lines": 0}, "missing_lines": [103, 104, 106, 107, 109, 110, 111, 112], "excluded_lines": []}, "FileOperations.exists": {"executed_lines": [], "summary": {"covered_lines": 0, "num_statements": 1, "percent_covered": 0.0, "percent_covered_display": "0", "missing_lines": 1, "excluded_lines": 0}, "missing_lines": [116], "excluded_lines": []}, "FileOperations.is_file": {"executed_lines": [], "summary": {"covered_lines": 0, "num_statements": 1, "percent_covered": 0.0, "percent_covered_display": "0", "missing_lines": 1, "excluded_lines": 0}, "missing_lines": [120], "excluded_lines": []}, "FileOperations.is_dir": {"executed_lines": [], "summary": {"covered_lines": 0, "num_statements": 1, "percent_covered": 0.0, "percent_covered_display": "0", "missing_lines": 1, "excluded_lines": 0}, "missing_lines": [124], "excluded_lines": []}, "FileOperations.get_file_info": {"executed_lines": [], "summary": {"covered_lines": 0, "num_statements": 4, "percent_covered": 0.0, "percent_covered_display": "0", "missing_lines": 4, "excluded_lines": 0}, "missing_lines": [128, 129, 131, 132], "excluded_lines": []}, "FileOperations.list_files": {"executed_lines": [], "summary": {"covered_lines": 0, "num_statements": 7, "percent_covered": 0.0, "percent_covered_display": "0", "missing_lines": 7, "excluded_lines": 0}, "missing_lines": [146, 147, 149, 150, 152, 153, 155], "excluded_lines": []}, "PathOperations.__init__": {"executed_lines": [162], "summary": {"covered_lines": 1, "num_statements": 1, "percent_covered": 100.0, "percent_covered_display": "100", "missing_lines": 0, "excluded_lines": 0}, "missing_lines": [], "excluded_lines": []}, "PathOperations.resolve_path": {"executed_lines": [], "summary": {"covered_lines": 0, "num_statements": 9, "percent_covered": 0.0, "percent_covered_display": "0", "missing_lines": 9, "excluded_lines": 0}, "missing_lines": [166, 167, 168, 169, 170, 172, 173, 174, 175], "excluded_lines": []}, "PathOperations.ensure_parent_dir": {"executed_lines": [], "summary": {"covered_lines": 0, "num_statements": 4, "percent_covered": 0.0, "percent_covered_display": "0", "missing_lines": 4, "excluded_lines": 0}, "missing_lines": [179, 180, 181, 182], "excluded_lines": []}, "PathOperations.validate_path": {"executed_lines": [], "summary": {"covered_lines": 0, "num_statements": 1, "percent_covered": 0.0, "percent_covered_display": "0", "missing_lines": 1, "excluded_lines": 0}, "missing_lines": [186], "excluded_lines": []}, "PathOperations.get_relative_path": {"executed_lines": [], "summary": {"covered_lines": 0, "num_statements": 4, "percent_covered": 0.0, "percent_covered_display": "0", "missing_lines": 4, "excluded_lines": 0}, "missing_lines": [190, 191, 192, 194], "excluded_lines": []}, "PathOperations.join_paths": {"executed_lines": [], "summary": {"covered_lines": 0, "num_statements": 6, "percent_covered": 0.0, "percent_covered_display": "0", "missing_lines": 6, "excluded_lines": 0}, "missing_lines": [198, 199, 201, 202, 203, 205], "excluded_lines": []}, "PathOperations.get_safe_filename": {"executed_lines": [], "summary": {"covered_lines": 0, "num_statements": 9, "percent_covered": 0.0, "percent_covered_display": "0", "missing_lines": 9, "excluded_lines": 0}, "missing_lines": [210, 211, 213, 214, 217, 218, 219, 220, 222], "excluded_lines": []}, "": {"executed_lines": [1, 6, 7, 8, 10, 11, 14, 15, 17, 21, 34, 48, 59, 73, 87, 101, 114, 118, 122, 126, 142, 158, 159, 161, 164, 177, 184, 188, 196, 207], "summary": {"covered_lines": 27, "num_statements": 27, "percent_covered": 100.0, "percent_covered_display": "100", "missing_lines": 0, "excluded_lines": 0}, "missing_lines": [], "excluded_lines": []}}, "classes": {"FileOperations": {"executed_lines": [18, 19, 23, 24, 25, 27, 28, 37, 39, 43, 44], "summary": {"covered_lines": 11, "num_statements": 72, "percent_covered": 15.277777777777779, "percent_covered_display": "15", "missing_lines": 61, "excluded_lines": 0}, "missing_lines": [29, 30, 31, 32, 40, 41, 45, 46, 50, 51, 52, 54, 55, 56, 57, 62, 64, 65, 66, 68, 69, 70, 71, 75, 76, 77, 80, 82, 83, 84, 85, 89, 90, 91, 94, 96, 97, 98, 99, 103, 104, 106, 107, 109, 110, 111, 112, 116, 120, 124, 128, 129, 131, 132, 146, 147, 149, 150, 152, 153, 155], "excluded_lines": []}, "PathOperations": {"executed_lines": [162], "summary": {"covered_lines": 1, "num_statements": 34, "percent_covered": 2.9411764705882355, "percent_covered_display": "3", "missing_lines": 33, "excluded_lines": 0}, "missing_lines": [166, 167, 168, 169, 170, 172, 173, 174, 175, 179, 180, 181, 182, 186, 190, 191, 192, 194, 198, 199, 201, 202, 203, 205, 210, 211, 213, 214, 217, 218, 219, 220, 222], "excluded_lines": []}, "": {"executed_lines": [1, 6, 7, 8, 10, 11, 14, 15, 17, 21, 34, 48, 59, 73, 87, 101, 114, 118, 122, 126, 142, 158, 159, 161, 164, 177, 184, 188, 196, 207], "summary": {"covered_lines": 27, "num_statements": 27, "percent_covered": 100.0, "percent_covered_display": "100", "missing_lines": 0, "excluded_lines": 0}, "missing_lines": [], "excluded_lines": []}}}, "kumihan_formatter/core/io/protocols.py": {"executed_lines": [1, 6, 7, 10, 11, 12, 14, 18, 22, 26, 30, 35, 36, 37, 39, 43, 47, 52, 53, 54, 56, 60, 66], "summary": {"covered_lines": 19, "num_statements": 29, "percent_covered": 65.51724137931035, "percent_covered_display": "66", "missing_lines": 10, "excluded_lines": 0}, "missing_lines": [16, 20, 24, 28, 32, 41, 45, 49, 58, 62], "excluded_lines": [], "functions": {"FileProtocol.read_text": {"executed_lines": [], "summary": {"covered_lines": 0, "num_statements": 1, "percent_covered": 0.0, "percent_covered_display": "0", "missing_lines": 1, "excluded_lines": 0}, "missing_lines": [16], "excluded_lines": []}, "FileProtocol.write_text": {"executed_lines": [], "summary": {"covered_lines": 0, "num_statements": 1, "percent_covered": 0.0, "percent_covered_display": "0", "missing_lines": 1, "excluded_lines": 0}, "missing_lines": [20], "excluded_lines": []}, "FileProtocol.exists": {"executed_lines": [], "summary": {"covered_lines": 0, "num_statements": 1, "percent_covered": 0.0, "percent_covered_display": "0", "missing_lines": 1, "excluded_lines": 0}, "missing_lines": [24], "excluded_lines": []}, "FileProtocol.is_file": {"executed_lines": [], "summary": {"covered_lines": 0, "num_statements": 1, "percent_covered": 0.0, "percent_covered_display": "0", "missing_lines": 1, "excluded_lines": 0}, "missing_lines": [28], "excluded_lines": []}, "FileProtocol.is_dir": {"executed_lines": [], "summary": {"covered_lines": 0, "num_statements": 1, "percent_covered": 0.0, "percent_covered_display": "0", "missing_lines": 1, "excluded_lines": 0}, "missing_lines": [32], "excluded_lines": []}, "PathProtocol.resolve_path": {"executed_lines": [], "summary": {"covered_lines": 0, "num_statements": 1, "percent_covered": 0.0, "percent_covered_display": "0", "missing_lines": 1, "excluded_lines": 0}, "missing_lines": [41], "excluded_lines": []}, "PathProtocol.ensure_parent_dir": {"executed_lines": [], "summary": {"covered_lines": 0, "num_statements": 1, "percent_covered": 0.0, "percent_covered_display": "0", "missing_lines": 1, "excluded_lines": 0}, "missing_lines": [45], "excluded_lines": []}, "PathProtocol.validate_path": {"executed_lines": [], "summary": {"covered_lines": 0, "num_statements": 1, "percent_covered": 0.0, "percent_covered_display": "0", "missing_lines": 1, "excluded_lines": 0}, "missing_lines": [49], "excluded_lines": []}, "ValidatorProtocol.validate": {"executed_lines": [], "summary": {"covered_lines": 0, "num_statements": 1, "percent_covered": 0.0, "percent_covered_display": "0", "missing_lines": 1, "excluded_lines": 0}, "missing_lines": [58], "excluded_lines": []}, "ValidatorProtocol.get_errors": {"executed_lines": [], "summary": {"covered_lines": 0, "num_statements": 1, "percent_covered": 0.0, "percent_covered_display": "0", "missing_lines": 1, "excluded_lines": 0}, "missing_lines": [62], "excluded_lines": []}, "": {"executed_lines": [1, 6, 7, 10, 11, 12, 14, 18, 22, 26, 30, 35, 36, 37, 39, 43, 47, 52, 53, 54, 56, 60, 66], "summary": {"covered_lines": 19, "num_statements": 19, "percent_covered": 100.0, "percent_covered_display": "100", "missing_lines": 0, "excluded_lines": 0}, "missing_lines": [], "excluded_lines": []}}, "classes": {"FileProtocol": {"executed_lines": [], "summary": {"covered_lines": 0, "num_statements": 5, "percent_covered": 0.0, "percent_covered_display": "0", "missing_lines": 5, "excluded_lines": 0}, "missing_lines": [16, 20, 24, 28, 32], "excluded_lines": []}, "PathProtocol": {"executed_lines": [], "summary": {"covered_lines": 0, "num_statements": 3, "percent_covered": 0.0, "percent_covered_display": "0", "missing_lines": 3, "excluded_lines": 0}, "missing_lines": [41, 45, 49], "excluded_lines": []}, "ValidatorProtocol": {"executed_lines": [], "summary": {"covered_lines": 0, "num_statements": 2, "percent_covered": 0.0, "percent_covered_display": "0", 
[...]
"": {"executed_lines": [1, 6, 7, 9, 13, 14, 16, 17, 18, 19, 20, 21, 24, 25, 27, 30, 38, 39, 41, 44, 50, 51, 53, 56, 60, 64, 69, 74, 82, 92], "summary": {"covered_lines": 25, "num_statements": 26, "percent_covered": 96.15384615384616, "percent_covered_display": "96", "missing_lines": 1, "excluded_lines": 0}, "missing_lines": [10], "excluded_lines": []}}, "classes": {"BlockPatterns": {"executed_lines": [], "summary": {"covered_lines": 0, "num_statements": 0, "percent_covered": 100.0, "percent_covered_display": "100", "missing_lines": 0, "excluded_lines": 0}, "missing_lines": [], "excluded_lines": []}, "BlockExtractor": {"executed_lines": [], "summary": {"covered_lines": 0, "num_statements": 2, "percent_covered": 0.0, "percent_covered_display": "0", "missing_lines": 2, "excluded_lines": 0}, "missing_lines": [28, 35], "excluded_lines": []}, "BlockTypeDetector": {"executed_lines": [], "summary": {"covered_lines": 0, "num_statements": 2, "percent_covered": 0.0, "percent_covered_display": "0", "missing_lines": 2, "excluded_lines": 0}, "missing_lines": [42, 47], "excluded_lines": []}, "BlockCache": {"executed_lines": [], "summary": {"covered_lines": 0, "num_statements": 4, "percent_covered": 0.0, "percent_covered_display": "0", "missing_lines": 4, "excluded_lines": 0}, "missing_lines": [54, 58, 62, 66], "excluded_lines": []}, "": {"executed_lines": [1, 6, 7, 9, 13, 14, 16, 17, 18, 19, 20, 21, 24, 25, 27, 30, 38, 39, 41, 44, 50, 51, 53, 56, 60, 64, 69, 74, 82, 92], "summary": {"covered_lines": 25, "num_statements": 34, "percent_covered": 73.52941176470588, "percent_covered_display": "74", "missing_lines": 9, "excluded_lines": 0}, "missing_lines": [10, 71, 76, 78, 79, 84, 89, 94, 99], "excluded_lines": []}}}, "kumihan_formatter/sample_content.py": {"executed_lines": [1, 3, 241], "summary": {"covered_lines": 2, "num_statements": 2, "percent_covered": 100.0, "percent_covered_display": "100", "missing_lines": 0, "excluded_lines": 0}, "missing_lines": [], "excluded_lines": [], "functions": {"": {"executed_lines": [1, 3, 241], "summary": {"covered_lines": 2, "num_statements": 2, "percent_covered": 100.0, "percent_covered_display": "100", "missing_lines": 0, "excluded_lines": 0}, "missing_lines": [], "excluded_lines": []}}, "classes": {"": {"executed_lines": [1, 3, 241], "summary": {"covered_lines": 2, "num_statements": 2, "percent_covered": 100.0, "percent_covered_display": "100", "missing_lines": 0, "excluded_lines": 0}, "missing_lines": [], "excluded_lines": []}}}, "kumihan_formatter/simple_parser.py": {"executed_lines": [1, 6, 7, 8, 9, 12, 13, 14, 16, 17, 18, 19, 21, 22, 30, 31, 33, 34, 37, 51, 53, 54, 55, 58, 59, 60, 61, 62, 64, 70, 72, 75, 77, 82, 83, 84, 86, 92, 93, 96, 97, 98, 99, 100, 101, 102, 105, 106, 108, 113, 115, 116, 117, 123, 127, 128, 129, 135, 139, 140, 146, 148, 150, 157, 158, 159, 166, 169, 171, 172, 174, 176, 179, 180, 181, 182, 183, 184, 186], "summary": {"covered_lines": 76, "num_statements": 76, "percent_covered": 100.0, "percent_covered_display": "100", "missing_lines": 0, "excluded_lines": 0}, "missing_lines": [], "excluded_lines": [], "functions": {"ParsedElement.to_dict": {"executed_lines": [22], "summary": {"covered_lines": 1, "num_statements": 1, "percent_covered": 100.0, "percent_covered_display": "100", "missing_lines": 0, "excluded_lines": 0}, "missing_lines": [], "excluded_lines": []}, "SimpleKumihanParser.__init__": {"executed_lines": [34, 37], "summary": {"covered_lines": 2, "num_statements": 2, "percent_covered": 100.0, "percent_covered_display": "100", "missing_lines": 0, "excluded_lines": 0}, "missing_lines": [], "excluded_lines": []}, "SimpleKumihanParser.parse": {"executed_lines": [53, 54, 55, 58, 59, 60, 61, 62, 64, 70, 72, 75, 77, 82, 83, 84, 86, 92, 93, 96, 97, 98, 99, 100, 101, 102, 105, 106, 108, 113, 115, 116, 117, 123, 127, 128, 129, 135, 139, 140, 146, 148, 150, 157, 158, 159], "summary": {"covered_lines": 46, "num_statements": 46, "percent_covered": 100.0, "percent_covered_display": "100", "missing_lines": 0, "excluded_lines": 0}, "missing_lines": [], "excluded_lines": []}, "SimpleKumihanParser._process_inline_formatting": {"executed_lines": [169, 171, 172], "summary": {"covered_lines": 3, "num_statements": 3, "percent_covered": 100.0, "percent_covered_display": "100", "missing_lines": 0, "excluded_lines": 0}, "missing_lines": [], "excluded_lines": []}, "SimpleKumihanParser.validate": {"executed_lines": [176, 179, 180, 181, 182, 183, 184, 186], "summary": {"covered_lines": 8, "num_statements": 8, "percent_covered": 100.0, "percent_covered_display": "100", "missing_lines": 0, "excluded_lines": 0}, "missing_lines": [], "excluded_lines": []}, "": {"executed_lines": [1, 6, 7, 8, 9, 12, 13, 14, 16, 17, 18, 19, 21, 30, 31, 33, 51, 166, 174], "summary": {"covered_lines": 16, "num_statements": 16, "percent_covered": 100.0, "percent_covered_display": "100", "missing_lines": 0, "excluded_lines": 0}, "missing_lines": [], "excluded_lines": []}}, "classes": {"ParsedElement": {"executed_lines": [22], "summary": {"covered_lines": 1, "num_statements": 1, "percent_covered": 100.0, "percent_covered_display": "100", "missing_lines": 0, "excluded_lines": 0}, "missing_lines": [], "excluded_lines": []}, "SimpleKumihanParser": {"executed_lines": [34, 37, 53, 54, 55, 58, 59, 60, 61, 62, 64, 70, 72, 75, 77, 82, 83, 84, 86, 92, 93, 96, 97, 98, 99, 100, 101, 102, 105, 106, 108, 113, 115, 116, 117, 123, 127, 128, 129, 135, 139, 140, 146, 148, 150, 157, 158, 159, 169, 171, 172, 176, 179, 180, 181, 182, 183, 184, 186], "summary": {"covered_lines": 59, "num_statements": 59, "percent_covered": 100.0, "percent_covered_display": "100", "missing_lines": 0, "excluded_lines": 0}, "missing_lines": [], "excluded_lines": []}, "": {"executed_lines": [1, 6, 7, 8, 9, 12, 13, 14, 16, 17, 18, 19, 21, 30, 31, 33, 51, 166, 174], "summary": {"covered_lines": 16, "num_statements": 16, "percent_covered": 100.0, "percent_covered_display": "100", "missing_lines": 0, "excluded_lines": 0}, "missing_lines": [], "excluded_lines": []}}}, "kumihan_formatter/simple_renderer.py": {"executed_lines": [1, 6, 7, 8, 11, 12, 14, 15, 16, 18, 20, 21, 22, 26, 27, 28, 30, 31, 33, 34, 35, 37, 39, 41, 42, 43, 44, 46, 47, 48, 49, 50, 51, 52, 53, 54, 55, 58, 60, 62, 64, 67, 69, 74, 76, 77, 81, 83, 85, 87, 88, 90, 93, 102, 104, 106, 114, 116, 142, 144, 163, 165, 177, 179], "summary": {"covered_lines": 62, "num_statements": 62, "percent_covered": 100.0, "percent_covered_display": "100", "missing_lines": 0, "excluded_lines": 0}, "missing_lines": [], "excluded_lines": [], "functions": {"SimpleHTMLRenderer.__init__": {"executed_lines": [15, 16], "summary": {"covered_lines": 2, "num_statements": 2, "percent_covered": 100.0, "percent_covered_display": "100", "missing_lines": 0, "excluded_lines": 0}, "missing_lines": [], "excluded_lines": []}, "SimpleHTMLRenderer.render": {"executed_lines": [20, 21, 22, 26, 27, 28, 30, 31, 33, 34, 35], "summary": {"covered_lines": 11, "num_statements": 11, "percent_covered": 100.0, "percent_covered_display": "100", "missing_lines": 0, "excluded_lines": 0}, "missing_lines": [], "excluded_lines": []}, "SimpleHTMLRenderer._render_elements": {"executed_lines": [39, 41, 42, 43, 44, 46, 47, 48, 49, 50, 51, 52, 53, 54, 55, 58, 60], "summary": {"covered_lines": 17, "num_statements": 17, "percent_covered": 100.0, "percent_covered_display": "100", "missing_lines": 0, "excluded_lines": 0}, "missing_lines": [], "excluded_lines": []}, "SimpleHTMLRenderer._render_kumihan_block": {"executed_lines": [64, 67, 69], "summary": {"covered_lines": 3, "num_statements": 3, "percent_covered": 100.0, "percent_covered_display": "100", "missing_lines": 0, "excluded_lines": 0}, "missing_lines": [], "excluded_lines": []}, "SimpleHTMLRenderer._render_heading": {"executed_lines": [76, 77], "summary": {"covered_lines": 2, "num_statements": 2, "percent_covered": 100.0, "percent_covered_display": "100", "missing_lines": 0, "excluded_lines": 0}, "missing_lines": [], "excluded_lines": []}, "SimpleHTMLRenderer._render_paragraph": {"executed_lines": [83], "summary": {"covered_lines": 1, "num_statements": 1, "percent_covered": 100.0, "percent_covered_display": "100", "missing_lines": 0, "excluded_lines": 0}, "missing_lines": [], "excluded_lines": []}, "SimpleHTMLRenderer._render_list_item": {"executed_lines": [87, 88], "summary": {"covered_lines": 2, "num_statements": 2, "percent_covered": 100.0, "percent_covered_display": "100", "missing_lines": 0, "excluded_lines": 0}, "missing_lines": [], "excluded_lines": []}, "SimpleHTMLRenderer._get_decoration_class": {"executed_lines": [93, 102], "summary": {"covered_lines": 2, "num_statements": 2, "percent_covered": 100.0, "percent_covered_display": "100", "missing_lines": 0, "excluded_lines": 0}, "missing_lines": [], "excluded_lines": []}, "SimpleHTMLRenderer._escape_html": {"executed_lines": [106], "summary": {"covered_lines": 1, "num_statements": 1, "percent_covered": 100.0, "percent_covered_display": "100", "missing_lines": 0, "excluded_lines": 0}, "missing_lines": [], "excluded_lines": []}, "SimpleHTMLRenderer._wrap_in_html_document": {"executed_lines": [116], "summary": {"covered_lines": 1, "num_statements": 1, "percent_covered": 100.0, "percent_covered_display": "100", "missing_lines": 0, "excluded_lines": 0}, "missing_lines": [], "excluded_lines": []}, "SimpleHTMLRenderer._render_error_page": {"executed_lines": [144], "summary": {"covered_lines": 1, "num_statements": 1, "percent_covered": 100.0, "percent_covered_display": "100", "missing_lines": 0, "excluded_lines": 0}, "missing_lines": [], "excluded_lines": []}, "SimpleHTMLRenderer._render_empty_page": {"executed_lines": [165], "summary": {"covered_lines": 1, "num_statements": 1, "percent_covered": 100.0, "percent_covered_display": "100", "missing_lines": 0, "excluded_lines": 0}, "missing_lines": [], "excluded_lines": []}, "SimpleHTMLRenderer._get_default_styles": {"executed_lines": [179], "summary": {"covered_lines": 1, "num_statements": 1, "percent_covered": 100.0, "percent_covered_display": "100", "missing_lines": 0, "excluded_lines": 0}, "missing_lines": [], "excluded_lines": []}, "": {"executed_lines": [1, 6, 7, 8, 11, 12, 14, 18, 37, 62, 74, 81, 85, 90, 104, 114, 142, 163, 177], "summary": {"covered_lines": 17, "num_statements": 17, "percent_covered": 100.0, "percent_covered_display": "100", "missing_lines": 0, "excluded_lines": 0}, "missing_lines": [], "excluded_lines": []}}, "classes": {"SimpleHTMLRenderer": {"executed_lines": [15, 16, 20, 21, 22, 26, 27, 28, 30, 31, 33, 34, 35, 39, 41, 42, 43, 44, 46, 47, 48, 49, 50, 51, 52, 53, 54, 55, 58, 60, 64, 67, 69, 76, 77, 83, 87, 88, 93, 102, 106, 116, 144, 165, 179], "summary": {"covered_lines": 45, "num_statements": 45, "percent_covered": 100.0, "percent_covered_display": "100", "missing_lines": 0, "excluded_lines": 0}, "missing_lines": [], "excluded_lines": []}, "": {"executed_lines": [1, 6, 7, 8, 11, 12, 14, 18, 37, 62, 74, 81, 85, 90, 104, 114, 142, 163, 177], "summary": {"covered_lines": 17, "num_statements": 17, "percent_covered": 100.0, "percent_covered_display": "100", "missing_lines": 0, "excluded_lines": 0}, "missing_lines": [], "excluded_lines": []}}}, "kumihan_formatter/unified_api.py": {"executed_lines": [1, 15, 16, 18, 19, 20, 27, 28, 31, 32, 34, 35, 36, 39, 42, 43, 44, 45, 46, 49, 50, 52, 54, 56, 65, 67, 75, 77, 78, 79, 82, 86, 90, 91, 94, 95, 98, 102, 106, 109, 111, 121, 122, 123, 125, 127, 129, 130, 134, 135, 137, 140, 142, 143, 144, 146, 148, 150, 151, 152, 153, 154, 156, 158, 159, 160, 166, 167, 168, 170, 174, 176, 177, 178, 181, 182, 183, 184, 185, 186, 188, 190, 192, 193, 198, 200, 201, 221, 223, 224, 226, 228, 229, 230, 231, 239, 241, 242, 247, 248, 252, 254, 292, 294, 297, 299, 302, 304, 306, 308, 309, 311, 315, 316, 318, 319, 323, 327, 328, 331, 333, 334, 337, 339, 340, 343, 345, 346, 349, 351, 352, 356, 357, 360, 362, 364, 365, 366, 368, 369, 370, 371, 372, 373, 375, 376, 377, 378, 379, 382], "summary": {"covered_lines": 148, "num_statements": 183, "percent_covered": 80.8743169398907, "percent_covered_display": "81", "missing_lines": 35, "excluded_lines": 0}, "missing_lines": [57, 58, 60, 61, 62, 63, 87, 103, 131, 194, 195, 196, 217, 218, 219, 258, 260, 264, 265, 266, 271, 272, 273, 274, 276, 278, 280, 282, 286, 288, 289, 290, 312, 313, 383], "excluded_lines": [], "functions": {"KumihanFormatter.__init__": {"executed_lines": [35, 36, 39, 42, 43, 44, 45, 46, 49, 50, 52], "summary": {"covered_lines": 11, "num_statements": 11, "percent_covered": 100.0, "percent_covered_display": "100", "missing_lines": 0, "excluded_lines": 0}, "missing_lines": [], "excluded_lines": []}, "KumihanFormatter._load_config": {"executed_lines": [56, 65], "summary": {"covered_lines": 2, "num_statements": 8, "percent_covered": 25.0, "percent_covered_display": "25", "missing_lines": 6, "excluded_lines": 0}, "missing_lines": [57, 58, 60, 61, 62, 63], "excluded_lines": []}, "KumihanFormatter.convert": {"executed_lines": [75, 77, 78, 79, 82, 86, 90, 91, 94, 95, 98, 102, 106, 109, 111, 121, 122, 123], "summary": {"covered_lines": 18, "num_statements": 20, "percent_covered": 90.0, "percent_covered_display": "90", "missing_lines": 2, "excluded_lines": 0}, "missing_lines": [87, 103], "excluded_lines": []}, "KumihanFormatter.convert_text": {"executed_lines": [127, 129, 130, 134, 135, 137, 140, 142, 143, 144], "summary": {"covered_lines": 10, "num_statements": 11, "percent_covered": 90.9090909090909, "percent_covered_display": "91", "missing_lines": 1, "excluded_lines": 0}, "missing_lines": [131], "excluded_lines": []}, "KumihanFormatter.parse_text": {"executed_lines": [148, 150, 151, 152, 153, 154], "summary": {"covered_lines": 6, "num_statements": 6, "percent_covered": 100.0, "percent_covered_display": "100", "missing_lines": 0, "excluded_lines": 0}, "missing_lines": [], "excluded_lines": []}, "KumihanFormatter.validate_syntax": {"executed_lines": [158, 159, 160, 166, 167, 168], "summary": {"covered_lines": 6, "num_statements": 6, "percent_covered": 100.0, "percent_covered_display": "100", "missing_lines": 0, "excluded_lines": 0}, "missing_lines": [], "excluded_lines": []}, "KumihanFormatter.parse_file": {"executed_lines": [174, 176, 177, 178, 181, 182, 183, 184, 185, 186], "summary": {"covered_lines": 10, "num_statements": 10, "percent_covered": 100.0, "percent_covered_display": "100", "missing_lines": 0, "excluded_lines": 0}, "missing_lines": [], "excluded_lines": []}, "KumihanFormatter.get_available_templates": {"executed_lines": [190, 192, 193], "summary": {"covered_lines": 3, "num_statements": 6, "percent_covered": 50.0, "percent_covered_display": "50", "missing_lines": 3, "excluded_lines": 0}, "missing_lines": [194, 195, 196], "excluded_lines": []}, "KumihanFormatter.get_system_info": {"executed_lines": [200, 201], "summary": {"covered_lines": 2, "num_statements": 5, "percent_covered": 40.0, "percent_covered_display": "40", "missing_lines": 3, "excluded_lines": 0}, "missing_lines": [217, 218, 219], "excluded_lines": []}, "KumihanFormatter._count_elements": {"executed_lines": [223, 224, 226, 228, 229, 230, 231, 239, 241, 242, 247, 248, 252, 254], "summary": {"covered_lines": 14, "num_statements": 31, "percent_covered": 45.16129032258065, "percent_covered_display": "45", "missing_lines": 17, "excluded_lines": 0}, "missing_lines": [258, 260, 264, 265, 266, 271, 272, 273, 274, 276, 278, 280, 282, 286, 288, 289, 290], "excluded_lines": []}, "KumihanFormatter._get_actual_output_path": {"executed_lines": [294, 297, 299, 302], "summary": {"covered_lines": 4, "num_statements": 4, "percent_covered": 100.0, "percent_covered_display": "100", "missing_lines": 0, "excluded_lines": 0}, "missing_lines": [], "excluded_lines": []}, "KumihanFormatter.close": {"executed_lines": [306, 308, 309, 311], "summary": {"covered_lines": 4, "num_statements": 6, "percent_covered": 66.66666666666667, "percent_covered_display": "67", "missing_lines": 2, "excluded_lines": 0}, "missing_lines": [312, 313], "excluded_lines": []}, "KumihanFormatter.__enter__": {"executed_lines": [316], "summary": {"covered_lines": 1, "num_statements": 1, "percent_covered": 100.0, "percent_covered_display": "100", "missing_lines": 0, "excluded_lines": 0}, "missing_lines": [], "excluded_lines": []}, "KumihanFormatter.__exit__": {"executed_lines": [319], "summary": {"covered_lines": 1, "num_statements": 1, "percent_covered": 100.0, "percent_covered_display": "100", "missing_lines": 0, "excluded_lines": 0}, "missing_lines": [], "excluded_lines": []}, "quick_convert": {"executed_lines": [327, 328], "summary": {"covered_lines": 2, "num_statements": 2, "percent_covered": 100.0, "percent_covered_display": "100", "missing_lines": 0, "excluded_lines": 0}, "missing_lines": [], "excluded_lines": []}, "quick_parse": {"executed_lines": [333, 334], "summary": {"covered_lines": 2, "num_statements": 2, "percent_covered": 100.0, "percent_covered_display": "100", "missing_lines": 0, "excluded_lines": 0}, "missing_lines": [], "excluded_lines": []}, "unified_parse": {"executed_lines": [339, 340], "summary": {"covered_lines": 2, "num_statements": 2, "percent_covered": 100.0, "percent_covered_display": "100", "missing_lines": 0, "excluded_lines": 0}, "missing_lines": [], "excluded_lines": []}, "validate_kumihan_syntax": {"executed_lines": [345, 346], "summary": {"covered_lines": 2, "num_statements": 2, "percent_covered": 100.0, "percent_covered_display": "100", "missing_lines": 0, "excluded_lines": 0}, "missing_lines": [], "excluded_lines": []}, "get_parser_system_info": {"executed_lines": [351, 352], "summary": {"covered_lines": 2, "num_statements": 2, "percent_covered": 100.0, "percent_covered_display": "100", "missing_lines": 0, "excluded_lines": 0}, "missing_lines": [], "excluded_lines": []}, "main": {"executed_lines": [362, 364, 365, 366, 368, 369, 370, 371, 372, 373, 375, 376, 377, 378, 379], "summary": {"covered_lines": 15, "num_statements": 15, "percent_covered": 100.0, "percent_covered_display": "100", "missing_lines": 0, "excluded_lines": 0}, "missing_lines": [], "excluded_lines": []}, "": {"executed_lines": [1, 15, 16, 18, 19, 20, 27, 28, 31, 32, 34, 54, 67, 125, 146, 156, 170, 188, 198, 221, 292, 304, 315, 318, 323, 331, 337, 343, 349, 356, 357, 360, 382], "summary": {"covered_lines": 31, "num_statements": 32, "percent_covered": 96.875, "percent_covered_display": "97", "missing_lines": 1, "excluded_lines": 0}, "missing_lines": [383], "excluded_lines": []}}, "classes": {"KumihanFormatter": {"executed_lines": [35, 36, 39, 42, 43, 44, 45, 46, 49, 50, 52, 56, 65, 75, 77, 78, 79, 82, 86, 90, 91, 94, 95, 98, 102, 106, 109, 111, 121, 122, 123, 127, 129, 130, 134, 135, 137, 140, 142, 143, 144, 148, 150, 151, 152, 153, 154, 158, 159, 160, 166, 167, 168, 174, 176, 177, 178, 181, 182, 183, 184, 185, 186, 190, 192, 193, 200, 201, 223, 224, 226, 228, 229, 230, 231, 239, 241, 242, 247, 248, 252, 254, 294, 297, 299, 302, 306, 308, 309, 311, 316, 319], "summary": {"covered_lines": 92, "num_statements": 126, "percent_covered": 73.01587301587301, "percent_covered_display": "73", "missing_lines": 34, "excluded_lines": 0}, "missing_lines": [57, 58, 60, 61, 62, 63, 87, 103, 131, 194, 195, 196, 217, 218, 219, 258, 260, 264, 265, 266, 271, 272, 273, 274, 276, 278, 280, 282, 286, 288, 289, 290, 312, 313], "excluded_lines": []}, "": {"executed_lines": [1, 15, 16, 18, 19, 20, 27, 28, 31, 32, 34, 54, 67, 125, 146, 156, 170, 188, 198, 221, 292, 304, 315, 318, 323, 327, 328, 331, 333, 334, 337, 339, 340, 343, 345, 346, 349, 351, 352, 356, 357, 360, 362, 364, 365, 366, 368, 369, 370, 371, 372, 373, 375, 376, 377, 378, 379, 382], "summary": {"covered_lines": 56, "num_statements": 57, "percent_covered": 98.24561403508773, "percent_covered_display": "98", "missing_lines": 1, "excluded_lines": 0}, "missing_lines": [383], "excluded_lines": []}}}}, "totals": {"covered_lines": 2751, "num_statements": 6377, "percent_covered": 43.13940724478595, "percent_covered_display": "43", "missing_lines": 3626, "excluded_lines": 0}}