<?xml version="1.0" encoding="utf-8"?><testsuites name="pytest tests"><testsuite name="pytest" errors="0" failures="5" skipped="4" tests="37" time="36.065" timestamp="2025-06-27T09:36:07.421370+00:00" hostname="pkrvmbietmlfzoi"><testcase classname="dev.tests.e2e.test_basic_workflow.TestBasicWorkflow" name="test_cli_basic_conversion" time="0.701" /><testcase classname="dev.tests.e2e.test_basic_workflow.TestBasicWorkflow" name="test_cli_comprehensive_conversion" time="0.695" /><testcase classname="dev.tests.e2e.test_basic_workflow.TestBasicWorkflow" name="test_windows_batch_conversion" time="0.000"><skipped type="pytest.skip" message="Windows batch file test">/home/runner/work/Kumihan-Formatter/Kumihan-Formatter/dev/tests/e2e/test_basic_workflow.py:65: Windows batch file test</skipped></testcase><testcase classname="dev.tests.e2e.test_basic_workflow.TestBasicWorkflow" name="test_macos_command_conversion" time="0.000"><skipped type="pytest.skip" message="macOS command file test">/home/runner/work/Kumihan-Formatter/Kumihan-Formatter/dev/tests/e2e/test_basic_workflow.py:93: macOS command file test</skipped></testcase><testcase classname="dev.tests.e2e.test_basic_workflow.TestBasicWorkflow" name="test_drag_and_drop_simulation" time="0.001"><skipped type="pytest.skip" message="D&amp;D simulation not supported on this platform">/home/runner/work/Kumihan-Formatter/Kumihan-Formatter/dev/tests/e2e/test_basic_workflow.py:131: D&amp;D simulation not supported on this platform</skipped></testcase><testcase classname="dev.tests.e2e.test_basic_workflow.TestBasicWorkflow" name="test_multiple_file_conversion" time="1.375" /><testcase classname="dev.tests.e2e.test_basic_workflow.TestBasicWorkflow" name="test_performance_baseline" time="0.685" /><testcase classname="dev.tests.e2e.test_basic_workflow.TestBasicWorkflow" name="test_concurrent_conversion" time="0.755" /><testcase classname="dev.tests.e2e.test_error_recovery.TestErrorRecovery" name="test_malformed_syntax_recovery" time="0.702"><failure message="AssertionError: Should contain error markers for malformed syntax&#10;assert '[ERROR:' in '&lt;!DOCTYPE html&gt;\n&lt;html lang=&quot;ja&quot;&gt;\n&lt;head&gt;\n    &lt;meta charset=&quot;UTF-8&quot;&gt;\n    &lt;meta name=&quot;viewport&quot; content=&quot;width=devic...&gt;\n&lt;li&gt;中黒リスト項目3&lt;/li&gt;\n&lt;/ul&gt;\n        &lt;/main&gt;\n        \n        &lt;!-- 右サイドバー（注釈・補足情報） --&gt;\n    &lt;/div&gt;\n&lt;/body&gt;\n&lt;/html&gt;'">dev/tests/e2e/test_error_recovery.py:78: in test_malformed_syntax_recovery
    assert '[ERROR:' in html_content, "Should contain error markers for malformed syntax"
E   AssertionError: Should contain error markers for malformed syntax
E   assert '[ERROR:' in '&lt;!DOCTYPE html&gt;\n&lt;html lang="ja"&gt;\n&lt;head&gt;\n    &lt;meta charset="UTF-8"&gt;\n    &lt;meta name="viewport" content="width=devic...&gt;\n&lt;li&gt;中黒リスト項目3&lt;/li&gt;\n&lt;/ul&gt;\n        &lt;/main&gt;\n        \n        &lt;!-- 右サイドバー（注釈・補足情報） --&gt;\n    &lt;/div&gt;\n&lt;/body&gt;\n&lt;/html&gt;'</failure></testcase><testcase classname="dev.tests.e2e.test_error_recovery.TestErrorRecovery" name="test_file_access_error_recovery" time="0.696" /><testcase classname="dev.tests.e2e.test_error_recovery.TestErrorRecovery" name="test_output_directory_permission_error" time="0.686" /><testcase classname="dev.tests.e2e.test_error_recovery.TestErrorRecovery" name="test_disk_space_error_handling" time="0.689" /><testcase classname="dev.tests.e2e.test_error_recovery.TestErrorRecovery" name="test_concurrent_access_conflict_recovery" time="0.863" /><testcase classname="dev.tests.e2e.test_error_recovery.TestErrorRecovery" name="test_invalid_input_graceful_degradation" time="2.230" /><testcase classname="dev.tests.e2e.test_error_recovery.TestErrorRecovery" name="test_memory_pressure_handling" time="0.703" /><testcase classname="dev.tests.e2e.test_error_recovery.TestErrorRecovery" name="test_interrupted_execution_recovery" time="1.476" /><testcase classname="dev.tests.e2e.test_error_recovery.TestErrorRecovery" name="test_encoding_error_recovery" time="0.848" /><testcase classname="dev.tests.e2e.test_error_recovery.TestErrorRecovery" name="test_cleanup_after_errors" time="1.370" /><testcase classname="dev.tests.e2e.test_error_recovery.TestErrorRecovery" name="test_partial_file_recovery" time="0.687"><failure message="AssertionError: Valid H1 should be converted&#10;assert '&lt;h1&gt;' in '&lt;!DOCTYPE html&gt;\n&lt;html lang=&quot;ja&quot;&gt;\n&lt;head&gt;\n    &lt;meta charset=&quot;UTF-8&quot;&gt;\n    &lt;meta name=&quot;viewport&quot; content=&quot;width=devic...ンテンツ。大量のコンテンツ。大量のコンテンツ。&lt;/p&gt;\n        &lt;/main&gt;\n        \n        &lt;!-- 右サイドバー（注釈・補足情報） --&gt;\n    &lt;/div&gt;\n&lt;/body&gt;\n&lt;/html&gt;'">dev/tests/e2e/test_error_recovery.py:426: in test_partial_file_recovery
    assert '&lt;h1&gt;' in html_content, "Valid H1 should be converted"
E   AssertionError: Valid H1 should be converted
E   assert '&lt;h1&gt;' in '&lt;!DOCTYPE html&gt;\n&lt;html lang="ja"&gt;\n&lt;head&gt;\n    &lt;meta charset="UTF-8"&gt;\n    &lt;meta name="viewport" content="width=devic...ンテンツ。大量のコンテンツ。大量のコンテンツ。&lt;/p&gt;\n        &lt;/main&gt;\n        \n        &lt;!-- 右サイドバー（注釈・補足情報） --&gt;\n    &lt;/div&gt;\n&lt;/body&gt;\n&lt;/html&gt;'</failure></testcase><testcase classname="dev.tests.e2e.test_file_operations.TestFileOperations" name="test_normal_file_conversion" time="0.689" /><testcase classname="dev.tests.e2e.test_file_operations.TestFileOperations" name="test_permission_variations" time="3.432" /><testcase classname="dev.tests.e2e.test_file_operations.TestFileOperations" name="test_invalid_file_handling" time="1.033" /><testcase classname="dev.tests.e2e.test_file_operations.TestFileOperations" name="test_complex_directory_structure" time="2.057" /><testcase classname="dev.tests.e2e.test_file_operations.TestFileOperations" name="test_file_backup_and_restore" time="0.685" /><testcase classname="dev.tests.e2e.test_file_operations.TestFileOperations" name="test_concurrent_file_access" time="0.889" /><testcase classname="dev.tests.e2e.test_file_operations.TestFileOperations" name="test_file_path_edge_cases" time="2.742" /><testcase classname="dev.tests.e2e.test_file_operations.TestFileOperations" name="test_output_directory_scenarios" time="2.058" /><testcase classname="dev.tests.e2e.test_file_operations.TestFileOperations" name="test_file_encoding_variations" time="1.370"><skipped type="pytest.skip" message="Encoding shift_jis not supported in this environment">/home/runner/work/Kumihan-Formatter/Kumihan-Formatter/dev/tests/e2e/test_file_operations.py:327: Encoding shift_jis not supported in this environment</skipped></testcase><testcase classname="dev.tests.e2e.test_output_quality.TestOutputQuality" name="test_html5_compliance" time="0.688" /><testcase classname="dev.tests.e2e.test_output_quality.TestOutputQuality" name="test_css_embedding_quality" time="0.688" /><testcase classname="dev.tests.e2e.test_output_quality.TestOutputQuality" name="test_content_structure_integrity" time="0.688"><failure message="AssertionError: No headings found&#10;assert 0 &gt; 0">dev/tests/e2e/test_output_quality.py:95: in test_content_structure_integrity
    assert content_structure['heading_count'] &gt; 0, "No headings found"
E   AssertionError: No headings found
E   assert 0 &gt; 0</failure></testcase><testcase classname="dev.tests.e2e.test_output_quality.TestOutputQuality" name="test_syntax_error_detection" time="0.168" /><testcase classname="dev.tests.e2e.test_output_quality.TestOutputQuality" name="test_cross_platform_rendering_consistency" time="0.688" /><testcase classname="dev.tests.e2e.test_output_quality.TestOutputQuality" name="test_print_layout_verification" time="0.693" /><testcase classname="dev.tests.e2e.test_output_quality.TestOutputQuality" name="test_accessibility_compliance" time="0.700" /><testcase classname="dev.tests.e2e.test_output_quality.TestOutputQuality" name="test_output_file_sizes" time="0.688"><failure message="AssertionError: Output file too large compared to input: 2451.9x for large_test.html&#10;assert 2451.895525114155 &lt; 500">dev/tests/e2e/test_output_quality.py:299: in test_output_file_sizes
    assert size_ratio &lt; 500, \
E   AssertionError: Output file too large compared to input: 2451.9x for large_test.html
E   assert 2451.895525114155 &lt; 500</failure></testcase><testcase classname="dev.tests.e2e.test_output_quality.TestOutputQuality" name="test_character_encoding_preservation" time="0.691"><failure message="AssertionError: Character encoding issue: 'あいうえお' not found in output&#10;assert 'あいうえお' in '&lt;!DOCTYPE html&gt;\n&lt;html lang=&quot;ja&quot;&gt;\n&lt;head&gt;\n    &lt;meta charset=&quot;UTF-8&quot;&gt;\n    &lt;meta name=&quot;viewport&quot; content=&quot;width=devic...\n    &lt;/style&gt;\n&lt;/head&gt;\n&lt;body&gt;\n    &lt;div class=&quot;container&quot;&gt;\n        &lt;p&gt;長いファイル名のテスト&lt;/p&gt;\n    &lt;/div&gt;\n&lt;/body&gt;\n&lt;/html&gt;'">dev/tests/e2e/test_output_quality.py:344: in test_character_encoding_preservation
    assert char_group in html_content, \
E   AssertionError: Character encoding issue: 'あいうえお' not found in output
E   assert 'あいうえお' in '&lt;!DOCTYPE html&gt;\n&lt;html lang="ja"&gt;\n&lt;head&gt;\n    &lt;meta charset="UTF-8"&gt;\n    &lt;meta name="viewport" content="width=devic...\n    &lt;/style&gt;\n&lt;/head&gt;\n&lt;body&gt;\n    &lt;div class="container"&gt;\n        &lt;p&gt;長いファイル名のテスト&lt;/p&gt;\n    &lt;/div&gt;\n&lt;/body&gt;\n&lt;/html&gt;'</failure></testcase></testsuite></testsuites>