<?xml version="1.0" encoding="utf-8"?><testsuites name="pytest tests"><testsuite name="pytest" errors="0" failures="8" skipped="2" tests="37" time="80.677" timestamp="2025-06-27T09:43:49.618750+00:00" hostname="Mac-1751017048873.local"><testcase classname="dev.tests.e2e.test_basic_workflow.TestBasicWorkflow" name="test_cli_basic_conversion" time="1.290" /><testcase classname="dev.tests.e2e.test_basic_workflow.TestBasicWorkflow" name="test_cli_comprehensive_conversion" time="1.710"><failure message="AssertionError: Expected collapsible blocks&#10;assert 0 &gt; 0&#10; +  where 0 = &lt;built-in method get of dict object at 0x1028b8800&gt;('details_count', 0)&#10; +    where &lt;built-in method get of dict object at 0x1028b8800&gt; = {'box_block_count': 1, 'details_count': 0, 'has_h1': True, 'heading_count': 4, ...}.get">dev/tests/e2e/test_basic_workflow.py:58: in test_cli_comprehensive_conversion
    assert content_structure.get('details_count', 0) &gt; 0, "Expected collapsible blocks"
E   AssertionError: Expected collapsible blocks
E   assert 0 &gt; 0
E    +  where 0 = &lt;built-in method get of dict object at 0x1028b8800&gt;('details_count', 0)
E    +    where &lt;built-in method get of dict object at 0x1028b8800&gt; = {'box_block_count': 1, 'details_count': 0, 'has_h1': True, 'heading_count': 4, ...}.get</failure></testcase><testcase classname="dev.tests.e2e.test_basic_workflow.TestBasicWorkflow" name="test_windows_batch_conversion" time="0.000"><skipped type="pytest.skip" message="Windows batch file test">/Users/runner/work/Kumihan-Formatter/Kumihan-Formatter/dev/tests/e2e/test_basic_workflow.py:65: Windows batch file test</skipped></testcase><testcase classname="dev.tests.e2e.test_basic_workflow.TestBasicWorkflow" name="test_macos_command_conversion" time="0.005"><failure message="AssertionError: Command file execution failed: &#10;assert 1 == 0&#10; +  where 1 = ExecutionResult(returncode=1, stdout='\x1b]1337;SetProfile=Default\x07\n==========================================\n K...s/user/LAUNCH_GUIDE.md\n\nPress any key to exit...\n', stderr='', execution_time=0.004225015640258789, output_files=[]).returncode">dev/tests/e2e/test_basic_workflow.py:112: in test_macos_command_conversion
    assert result.returncode == 0, f"Command file execution failed: {result.stderr}"
E   AssertionError: Command file execution failed: 
E   assert 1 == 0
E    +  where 1 = ExecutionResult(returncode=1, stdout='\x1b]1337;SetProfile=Default\x07\n==========================================\n K...s/user/LAUNCH_GUIDE.md\n\nPress any key to exit...\n', stderr='', execution_time=0.004225015640258789, output_files=[]).returncode</failure></testcase><testcase classname="dev.tests.e2e.test_basic_workflow.TestBasicWorkflow" name="test_drag_and_drop_simulation" time="0.004"><failure message="AssertionError: D&amp;D simulation failed: &#10;assert 1 == 0&#10; +  where 1 = ExecutionResult(returncode=1, stdout='\x1b]1337;SetProfile=Default\x07\n==========================================\n K.../user/LAUNCH_GUIDE.md\n\nPress any key to exit...\n', stderr='', execution_time=0.0036399364471435547, output_files=[]).returncode">dev/tests/e2e/test_basic_workflow.py:144: in test_drag_and_drop_simulation
    assert result.returncode == 0, f"D&amp;D simulation failed: {result.stderr}"
E   AssertionError: D&amp;D simulation failed: 
E   assert 1 == 0
E    +  where 1 = ExecutionResult(returncode=1, stdout='\x1b]1337;SetProfile=Default\x07\n==========================================\n K.../user/LAUNCH_GUIDE.md\n\nPress any key to exit...\n', stderr='', execution_time=0.0036399364471435547, output_files=[]).returncode</failure></testcase><testcase classname="dev.tests.e2e.test_basic_workflow.TestBasicWorkflow" name="test_multiple_file_conversion" time="3.566" /><testcase classname="dev.tests.e2e.test_basic_workflow.TestBasicWorkflow" name="test_performance_baseline" time="1.388" /><testcase classname="dev.tests.e2e.test_basic_workflow.TestBasicWorkflow" name="test_concurrent_conversion" time="1.528" /><testcase classname="dev.tests.e2e.test_error_recovery.TestErrorRecovery" name="test_malformed_syntax_recovery" time="0.814"><failure message="AssertionError: Should contain error markers for malformed syntax&#10;assert '[ERROR:' in '&lt;!DOCTYPE html&gt;\n&lt;html lang=&quot;ja&quot;&gt;\n&lt;head&gt;\n    &lt;meta charset=&quot;UTF-8&quot;&gt;\n    &lt;meta name=&quot;viewport&quot; content=&quot;width=devic... class=&quot;box&quot;&gt;枠線ブロックの例&lt;/div&gt;\n        &lt;/main&gt;\n        \n        &lt;!-- 右サイドバー（注釈・補足情報） --&gt;\n    &lt;/div&gt;\n&lt;/body&gt;\n&lt;/html&gt;'">dev/tests/e2e/test_error_recovery.py:78: in test_malformed_syntax_recovery
    assert '[ERROR:' in html_content, "Should contain error markers for malformed syntax"
E   AssertionError: Should contain error markers for malformed syntax
E   assert '[ERROR:' in '&lt;!DOCTYPE html&gt;\n&lt;html lang="ja"&gt;\n&lt;head&gt;\n    &lt;meta charset="UTF-8"&gt;\n    &lt;meta name="viewport" content="width=devic... class="box"&gt;枠線ブロックの例&lt;/div&gt;\n        &lt;/main&gt;\n        \n        &lt;!-- 右サイドバー（注釈・補足情報） --&gt;\n    &lt;/div&gt;\n&lt;/body&gt;\n&lt;/html&gt;'</failure></testcase><testcase classname="dev.tests.e2e.test_error_recovery.TestErrorRecovery" name="test_file_access_error_recovery" time="1.719" /><testcase classname="dev.tests.e2e.test_error_recovery.TestErrorRecovery" name="test_output_directory_permission_error" time="1.576" /><testcase classname="dev.tests.e2e.test_error_recovery.TestErrorRecovery" name="test_disk_space_error_handling" time="1.927" /><testcase classname="dev.tests.e2e.test_error_recovery.TestErrorRecovery" name="test_concurrent_access_conflict_recovery" time="1.620" /><testcase classname="dev.tests.e2e.test_error_recovery.TestErrorRecovery" name="test_invalid_input_graceful_degradation" time="4.609" /><testcase classname="dev.tests.e2e.test_error_recovery.TestErrorRecovery" name="test_memory_pressure_handling" time="1.472" /><testcase classname="dev.tests.e2e.test_error_recovery.TestErrorRecovery" name="test_interrupted_execution_recovery" time="3.037" /><testcase classname="dev.tests.e2e.test_error_recovery.TestErrorRecovery" name="test_encoding_error_recovery" time="1.691" /><testcase classname="dev.tests.e2e.test_error_recovery.TestErrorRecovery" name="test_cleanup_after_errors" time="3.142" /><testcase classname="dev.tests.e2e.test_error_recovery.TestErrorRecovery" name="test_partial_file_recovery" time="1.223"><failure message="AssertionError: Valid H1 should be converted&#10;assert '&lt;h1&gt;' in '&lt;!DOCTYPE html&gt;\n&lt;html lang=&quot;ja&quot;&gt;\n&lt;head&gt;\n    &lt;meta charset=&quot;UTF-8&quot;&gt;\n    &lt;meta name=&quot;viewport&quot; content=&quot;width=devic...&gt;&lt;/strong&gt;&lt;/h1&gt;&lt;/div&gt;&lt;/div&gt;\n        &lt;/main&gt;\n        \n        &lt;!-- 右サイドバー（注釈・補足情報） --&gt;\n    &lt;/div&gt;\n&lt;/body&gt;\n&lt;/html&gt;'">dev/tests/e2e/test_error_recovery.py:426: in test_partial_file_recovery
    assert '&lt;h1&gt;' in html_content, "Valid H1 should be converted"
E   AssertionError: Valid H1 should be converted
E   assert '&lt;h1&gt;' in '&lt;!DOCTYPE html&gt;\n&lt;html lang="ja"&gt;\n&lt;head&gt;\n    &lt;meta charset="UTF-8"&gt;\n    &lt;meta name="viewport" content="width=devic...&gt;&lt;/strong&gt;&lt;/h1&gt;&lt;/div&gt;&lt;/div&gt;\n        &lt;/main&gt;\n        \n        &lt;!-- 右サイドバー（注釈・補足情報） --&gt;\n    &lt;/div&gt;\n&lt;/body&gt;\n&lt;/html&gt;'</failure></testcase><testcase classname="dev.tests.e2e.test_file_operations.TestFileOperations" name="test_normal_file_conversion" time="1.738" /><testcase classname="dev.tests.e2e.test_file_operations.TestFileOperations" name="test_permission_variations" time="7.930" /><testcase classname="dev.tests.e2e.test_file_operations.TestFileOperations" name="test_invalid_file_handling" time="2.178" /><testcase classname="dev.tests.e2e.test_file_operations.TestFileOperations" name="test_complex_directory_structure" time="4.543" /><testcase classname="dev.tests.e2e.test_file_operations.TestFileOperations" name="test_file_backup_and_restore" time="1.392" /><testcase classname="dev.tests.e2e.test_file_operations.TestFileOperations" name="test_concurrent_file_access" time="1.730" /><testcase classname="dev.tests.e2e.test_file_operations.TestFileOperations" name="test_file_path_edge_cases" time="5.970" /><testcase classname="dev.tests.e2e.test_file_operations.TestFileOperations" name="test_output_directory_scenarios" time="5.720" /><testcase classname="dev.tests.e2e.test_file_operations.TestFileOperations" name="test_file_encoding_variations" time="3.268"><skipped type="pytest.skip" message="Encoding shift_jis not supported in this environment">/Users/runner/work/Kumihan-Formatter/Kumihan-Formatter/dev/tests/e2e/test_file_operations.py:327: Encoding shift_jis not supported in this environment</skipped></testcase><testcase classname="dev.tests.e2e.test_output_quality.TestOutputQuality" name="test_html5_compliance" time="1.431" /><testcase classname="dev.tests.e2e.test_output_quality.TestOutputQuality" name="test_css_embedding_quality" time="1.676" /><testcase classname="dev.tests.e2e.test_output_quality.TestOutputQuality" name="test_content_structure_integrity" time="1.605"><failure message="AssertionError: No headings found&#10;assert 0 &gt; 0">dev/tests/e2e/test_output_quality.py:95: in test_content_structure_integrity
    assert content_structure['heading_count'] &gt; 0, "No headings found"
E   AssertionError: No headings found
E   assert 0 &gt; 0</failure></testcase><testcase classname="dev.tests.e2e.test_output_quality.TestOutputQuality" name="test_syntax_error_detection" time="0.112" /><testcase classname="dev.tests.e2e.test_output_quality.TestOutputQuality" name="test_cross_platform_rendering_consistency" time="1.853" /><testcase classname="dev.tests.e2e.test_output_quality.TestOutputQuality" name="test_print_layout_verification" time="1.601" /><testcase classname="dev.tests.e2e.test_output_quality.TestOutputQuality" name="test_accessibility_compliance" time="1.798" /><testcase classname="dev.tests.e2e.test_output_quality.TestOutputQuality" name="test_output_file_sizes" time="1.743"><failure message="AssertionError: Output file too large compared to input: 2463.1x for large_test.html&#10;assert 2463.142752293578 &lt; 500">dev/tests/e2e/test_output_quality.py:299: in test_output_file_sizes
    assert size_ratio &lt; 500, \
E   AssertionError: Output file too large compared to input: 2463.1x for large_test.html
E   assert 2463.142752293578 &lt; 500</failure></testcase><testcase classname="dev.tests.e2e.test_output_quality.TestOutputQuality" name="test_character_encoding_preservation" time="1.841"><failure message="AssertionError: Character encoding issue: 'あいうえお' not found in output&#10;assert 'あいうえお' in '&lt;!DOCTYPE html&gt;\n&lt;html lang=&quot;ja&quot;&gt;\n&lt;head&gt;\n    &lt;meta charset=&quot;UTF-8&quot;&gt;\n    &lt;meta name=&quot;viewport&quot; content=&quot;width=devic...    &lt;/style&gt;\n&lt;/head&gt;\n&lt;body&gt;\n    &lt;div class=&quot;container&quot;&gt;\n        &lt;p&gt;特殊文字ファイル名のテスト&lt;/p&gt;\n    &lt;/div&gt;\n&lt;/body&gt;\n&lt;/html&gt;'">dev/tests/e2e/test_output_quality.py:344: in test_character_encoding_preservation
    assert char_group in html_content, \
E   AssertionError: Character encoding issue: 'あいうえお' not found in output
E   assert 'あいうえお' in '&lt;!DOCTYPE html&gt;\n&lt;html lang="ja"&gt;\n&lt;head&gt;\n    &lt;meta charset="UTF-8"&gt;\n    &lt;meta name="viewport" content="width=devic...    &lt;/style&gt;\n&lt;/head&gt;\n&lt;body&gt;\n    &lt;div class="container"&gt;\n        &lt;p&gt;特殊文字ファイル名のテスト&lt;/p&gt;\n    &lt;/div&gt;\n&lt;/body&gt;\n&lt;/html&gt;'</failure></testcase></testsuite></testsuites>